<?xml version="1.0" encoding="UTF-8"?>
<!-- Generated by org.testng.reporters.JUnitXMLReporter -->
<testsuite ignored="2" hostname="DESKTOP-0P43UTC" failures="0" tests="1" name="Default test" time="30.106" errors="0" timestamp="2026-05-15T19:19:20 IST">
  <testcase classname="OrganizationwithPropertyAndExcel.OrgModuleTest" name="orgname_test" time="15.128"/>
  <testcase classname="OrganizationwithPropertyAndExcel.OrgModuleTest" name="OrgPhnum_test" time="0.0">
    <ignored/>
  </testcase> <!-- OrgPhnum_test -->
  <testcase classname="OrganizationwithPropertyAndExcel.OrgModuleTest" name="CreateOrgwithIndustryAndType_test" time="0.0">
    <ignored/>
  </testcase> <!-- CreateOrgwithIndustryAndType_test -->
</testsuite> <!-- Default test -->
