<?xml version="1.0" encoding="UTF-8"?>
<!-- Generated by org.testng.reporters.JUnitXMLReporter -->
<testsuite ignored="0" hostname="DESKTOP-0P43UTC" failures="0" tests="3" name="Test1" time="113.672" errors="0" timestamp="2026-05-04T18:58:23 IST">
  <testcase classname="OrganizationwithPropertyAndExcel.OrgModuleTest" name="CreateOrgwithIndustryAndType_test" time="43.372"/>
  <testcase classname="OrganizationwithPropertyAndExcel.OrgModuleTest" name="OrgPhnum_test" time="35.408"/>
  <testcase classname="OrganizationwithPropertyAndExcel.OrgModuleTest" name="orgname_test" time="34.804"/>
</testsuite> <!-- Test1 -->
