<?xml version="1.0" encoding="UTF-8"?>
<!-- Generated by org.testng.reporters.JUnitXMLReporter -->
<testsuite ignored="4" hostname="DESKTOP-0P43UTC" failures="0" tests="6" name="Test" time="120.783" errors="0" timestamp="2026-05-12T23:23:19 IST">
  <testcase classname="ContactModuleWithPOP.ContactModuleTest" name="CreateContactwithOrg_test" time="32.522"/>
  <testcase classname="ContactModuleWithPOP.ContactModuleTest" name="createConWithSuppodate_test" time="11.38"/>
  <testcase classname="ContactModuleWithPOP.ContactModuleTest" name="name_test" time="10.703"/>
  <testcase classname="OrganizationwithPropertyAndExcel.OrgModuleTest" name="CreateOrgwithIndustryAndType_test" time="13.196"/>
  <testcase classname="OrganizationwithPropertyAndExcel.OrgModuleTest" name="OrgPhnum_test" time="13.092"/>
  <testcase classname="OrganizationwithPropertyAndExcel.OrgModuleTest" name="orgname_test" time="10.511"/>
  <testcase classname="BaseclassUtility.BaseClass" name="@AfterSuite dissconnectTheDB" time="0.0">
    <ignored/>
  </testcase> <!-- @AfterSuite dissconnectTheDB -->
  <testcase classname="BaseclassUtility.BaseClass" name="@BeforeSuite connectToDB" time="0.0">
    <ignored/>
  </testcase> <!-- @BeforeSuite connectToDB -->
  <testcase classname="BaseclassUtility.BaseClass" name="@BeforeTest configParallelExe" time="0.0">
    <ignored/>
  </testcase> <!-- @BeforeTest configParallelExe -->
  <testcase classname="BaseclassUtility.BaseClass" name="@AfterTest closeConfigParallelExe" time="0.0">
    <ignored/>
  </testcase> <!-- @AfterTest closeConfigParallelExe -->
</testsuite> <!-- Test -->
