<?xml version="1.0" encoding="UTF-8"?>
<!-- Generated by org.testng.reporters.JUnitXMLReporter -->
<testsuite ignored="4" hostname="DESKTOP-0P43UTC" failures="0" tests="6" name="Test_firefox" time="267.278" errors="0" timestamp="2026-05-12T23:30:14 IST">
  <testcase classname="ContactModuleWithPOP.ContactModuleTest" name="CreateContactwithOrg_test" time="71.86"/>
  <testcase classname="ContactModuleWithPOP.ContactModuleTest" name="createConWithSuppodate_test" time="39.748"/>
  <testcase classname="ContactModuleWithPOP.ContactModuleTest" name="name_test" time="25.019"/>
  <testcase classname="OrganizationwithPropertyAndExcel.OrgModuleTest" name="CreateOrgwithIndustryAndType_test" time="20.436"/>
  <testcase classname="OrganizationwithPropertyAndExcel.OrgModuleTest" name="OrgPhnum_test" time="11.512"/>
  <testcase classname="OrganizationwithPropertyAndExcel.OrgModuleTest" name="orgname_test" time="10.242"/>
  <testcase classname="BaseclassUtility.BaseClass" name="@BeforeTest configParallelExe" time="0.0">
    <ignored/>
  </testcase> <!-- @BeforeTest configParallelExe -->
  <testcase classname="BaseclassUtility.BaseClass" name="@AfterSuite dissconnectTheDB" time="0.0">
    <ignored/>
  </testcase> <!-- @AfterSuite dissconnectTheDB -->
  <testcase classname="BaseclassUtility.BaseClass" name="@AfterTest closeConfigParallelExe" time="0.0">
    <ignored/>
  </testcase> <!-- @AfterTest closeConfigParallelExe -->
  <testcase classname="BaseclassUtility.BaseClass" name="@BeforeSuite connectToDB" time="0.0">
    <ignored/>
  </testcase> <!-- @BeforeSuite connectToDB -->
</testsuite> <!-- Test_firefox -->
