<?xml version="1.0" encoding="UTF-8"?>
<!-- Generated by org.testng.reporters.JUnitXMLReporter -->
<testsuite ignored="4" hostname="DESKTOP-0P43UTC" failures="0" tests="6" name="Test_edge" time="237.19" errors="0" timestamp="2026-05-12T23:29:43 IST">
  <testcase classname="ContactModuleWithPOP.ContactModuleTest" name="CreateContactwithOrg_test" time="66.75"/>
  <testcase classname="ContactModuleWithPOP.ContactModuleTest" name="createConWithSuppodate_test" time="34.834"/>
  <testcase classname="ContactModuleWithPOP.ContactModuleTest" name="name_test" time="25.426"/>
  <testcase classname="OrganizationwithPropertyAndExcel.OrgModuleTest" name="CreateOrgwithIndustryAndType_test" time="34.273"/>
  <testcase classname="OrganizationwithPropertyAndExcel.OrgModuleTest" name="OrgPhnum_test" time="0.0">
    <skipped/>
  </testcase> <!-- OrgPhnum_test -->
  <testcase classname="OrganizationwithPropertyAndExcel.OrgModuleTest" name="orgname_test" time="0.0">
    <skipped/>
  </testcase> <!-- orgname_test -->
  <testcase classname="BaseclassUtility.BaseClass" name="@AfterTest closeConfigParallelExe" time="0.0">
    <ignored/>
  </testcase> <!-- @AfterTest closeConfigParallelExe -->
  <testcase classname="BaseclassUtility.BaseClass" name="@BeforeTest configParallelExe" time="0.0">
    <ignored/>
  </testcase> <!-- @BeforeTest configParallelExe -->
  <testcase classname="BaseclassUtility.BaseClass" name="@BeforeSuite connectToDB" time="0.0">
    <ignored/>
  </testcase> <!-- @BeforeSuite connectToDB -->
  <testcase classname="BaseclassUtility.BaseClass" name="@AfterSuite dissconnectTheDB" time="0.0">
    <ignored/>
  </testcase> <!-- @AfterSuite dissconnectTheDB -->
</testsuite> <!-- Test_edge -->
