<?xml version="1.0" encoding="UTF-8"?>
<!-- Generated by org.testng.reporters.JUnitXMLReporter -->
<testsuite ignored="0" hostname="DESKTOP-0P43UTC" failures="0" tests="3" name="Test2" time="125.543" errors="0" timestamp="2026-05-04T18:58:35 IST">
  <testcase classname="ContactModuleWithPOP.ContactModuleTest" name="CreateContactwithOrg_test" time="62.219"/>
  <testcase classname="ContactModuleWithPOP.ContactModuleTest" name="createConWithSuppodate_test" time="34.532"/>
  <testcase classname="ContactModuleWithPOP.ContactModuleTest" name="name_test" time="28.718"/>
</testsuite> <!-- Test2 -->
