<?xml version="1.0" encoding="UTF-8"?>
<testng-results ignored="0" total="18" passed="13" failed="1" skipped="4">
  <reporter-output>
    <line>
      <![CDATA[Suite executionstart with adv-report configuration]]>
    </line>
    <line>
      <![CDATA[Connected to DB]]>
    </line>
    <line>
      <![CDATA[configure the parallel execution]]>
    </line>
    <line>
      <![CDATA[configure the parallel execution]]>
    </line>
    <line>
      <![CDATA[configure the parallel execution]]>
    </line>
    <line>
      <![CDATA[Launching the browser]]>
    </line>
    <line>
      <![CDATA[Launching the browser]]>
    </line>
    <line>
      <![CDATA[Launching the browser]]>
    </line>
    <line>
      <![CDATA[logged into the application]]>
    </line>
    <line>
      <![CDATA[CreateContactwithOrg_test: Test execution started]]>
    </line>
    <line>
      <![CDATA[logged into the application]]>
    </line>
    <line>
      <![CDATA[CreateContactwithOrg_test: Test execution started]]>
    </line>
    <line>
      <![CDATA[logged into the application]]>
    </line>
    <line>
      <![CDATA[CreateContactwithOrg_test: Test execution started]]>
    </line>
    <line>
      <![CDATA[logged out into the application]]>
    </line>
    <line>
      <![CDATA[logged into the application]]>
    </line>
    <line>
      <![CDATA[createConWithSuppodate_test: Test execution started]]>
    </line>
    <line>
      <![CDATA[logged out into the application]]>
    </line>
    <line>
      <![CDATA[logged into the application]]>
    </line>
    <line>
      <![CDATA[createConWithSuppodate_test: Test execution started]]>
    </line>
    <line>
      <![CDATA[createConWithSuppodate_test: Test execution started]]>
    </line>
    <line>
      <![CDATA[name_test: Test execution started]]>
    </line>
    <line>
      <![CDATA[Launching the browser]]>
    </line>
    <line>
      <![CDATA[logged into the application]]>
    </line>
    <line>
      <![CDATA[CreateOrgwithIndustryAndType_test: Test execution started]]>
    </line>
    <line>
      <![CDATA[logged out into the application]]>
    </line>
    <line>
      <![CDATA[logged out into the application]]>
    </line>
    <line>
      <![CDATA[logged into the application]]>
    </line>
    <line>
      <![CDATA[name_test: Test execution started]]>
    </line>
    <line>
      <![CDATA[logged into the application]]>
    </line>
    <line>
      <![CDATA[name_test: Test execution started]]>
    </line>
    <line>
      <![CDATA[logged out into the application]]>
    </line>
    <line>
      <![CDATA[logged into the application]]>
    </line>
    <line>
      <![CDATA[OrgPhnum_test: Test execution started]]>
    </line>
    <line>
      <![CDATA[logged out into the application]]>
    </line>
    <line>
      <![CDATA[logged out into the application]]>
    </line>
    <line>
      <![CDATA[Quitting the browser]]>
    </line>
    <line>
      <![CDATA[Launching the browser]]>
    </line>
    <line>
      <![CDATA[logged into the application]]>
    </line>
    <line>
      <![CDATA[CreateOrgwithIndustryAndType_test: Test execution started]]>
    </line>
    <line>
      <![CDATA[Quitting the browser]]>
    </line>
    <line>
      <![CDATA[Launching the browser]]>
    </line>
    <line>
      <![CDATA[logged out into the application]]>
    </line>
    <line>
      <![CDATA[logged into the application]]>
    </line>
    <line>
      <![CDATA[orgname_test: Test execution started]]>
    </line>
    <line>
      <![CDATA[logged into the application]]>
    </line>
    <line>
      <![CDATA[CreateOrgwithIndustryAndType_test: Test execution started]]>
    </line>
    <line>
      <![CDATA[logged out into the application]]>
    </line>
    <line>
      <![CDATA[logged out into the application]]>
    </line>
    <line>
      <![CDATA[Quitting the browser]]>
    </line>
    <line>
      <![CDATA[configure the parallel execution]]>
    </line>
    <line>
      <![CDATA[logged out into the application]]>
    </line>
    <line>
      <![CDATA[OrgPhnum_test: Test execution started]]>
    </line>
    <line>
      <![CDATA[orgname_test: Test execution started]]>
    </line>
    <line>
      <![CDATA[configure the parallel execution]]>
    </line>
    <line>
      <![CDATA[logged into the application]]>
    </line>
    <line>
      <![CDATA[OrgPhnum_test: Test execution started]]>
    </line>
    <line>
      <![CDATA[logged out into the application]]>
    </line>
    <line>
      <![CDATA[logged into the application]]>
    </line>
    <line>
      <![CDATA[orgname_test: Test execution started]]>
    </line>
    <line>
      <![CDATA[logged out into the application]]>
    </line>
    <line>
      <![CDATA[Quitting the browser]]>
    </line>
    <line>
      <![CDATA[configure the parallel execution]]>
    </line>
  </reporter-output>
  <suite started-at="2026-05-12T23:25:46 IST" name="Suite" finished-at="2026-05-12T23:30:14 IST" duration-ms="267279">
    <groups>
      <group name="smoke">
        <method signature="ContactModuleTest.name_test()[pri:0, instance:ContactModuleWithPOP.ContactModuleTest@6ad82709]" name="name_test" class="ContactModuleWithPOP.ContactModuleTest"/>
        <method signature="OrgModuleTest.orgname_test()[pri:0, instance:OrganizationwithPropertyAndExcel.OrgModuleTest@4c178a76]" name="orgname_test" class="OrganizationwithPropertyAndExcel.OrgModuleTest"/>
        <method signature="ContactModuleTest.name_test()[pri:0, instance:ContactModuleWithPOP.ContactModuleTest@757277dc]" name="name_test" class="ContactModuleWithPOP.ContactModuleTest"/>
        <method signature="OrgModuleTest.orgname_test()[pri:0, instance:OrganizationwithPropertyAndExcel.OrgModuleTest@687e99d8]" name="orgname_test" class="OrganizationwithPropertyAndExcel.OrgModuleTest"/>
        <method signature="ContactModuleTest.name_test()[pri:0, instance:ContactModuleWithPOP.ContactModuleTest@6aaceffd]" name="name_test" class="ContactModuleWithPOP.ContactModuleTest"/>
        <method signature="OrgModuleTest.orgname_test()[pri:0, instance:OrganizationwithPropertyAndExcel.OrgModuleTest@c86b9e3]" name="orgname_test" class="OrganizationwithPropertyAndExcel.OrgModuleTest"/>
      </group> <!-- smoke -->
      <group name="Regression">
        <method signature="ContactModuleTest.CreateContactwithOrg_test()[pri:0, instance:ContactModuleWithPOP.ContactModuleTest@6ad82709]" name="CreateContactwithOrg_test" class="ContactModuleWithPOP.ContactModuleTest"/>
        <method signature="ContactModuleTest.createConWithSuppodate_test()[pri:0, instance:ContactModuleWithPOP.ContactModuleTest@6ad82709]" name="createConWithSuppodate_test" class="ContactModuleWithPOP.ContactModuleTest"/>
        <method signature="OrgModuleTest.CreateOrgwithIndustryAndType_test()[pri:0, instance:OrganizationwithPropertyAndExcel.OrgModuleTest@4c178a76]" name="CreateOrgwithIndustryAndType_test" class="OrganizationwithPropertyAndExcel.OrgModuleTest"/>
        <method signature="OrgModuleTest.OrgPhnum_test()[pri:0, instance:OrganizationwithPropertyAndExcel.OrgModuleTest@4c178a76]" name="OrgPhnum_test" class="OrganizationwithPropertyAndExcel.OrgModuleTest"/>
        <method signature="ContactModuleTest.CreateContactwithOrg_test()[pri:0, instance:ContactModuleWithPOP.ContactModuleTest@757277dc]" name="CreateContactwithOrg_test" class="ContactModuleWithPOP.ContactModuleTest"/>
        <method signature="ContactModuleTest.createConWithSuppodate_test()[pri:0, instance:ContactModuleWithPOP.ContactModuleTest@757277dc]" name="createConWithSuppodate_test" class="ContactModuleWithPOP.ContactModuleTest"/>
        <method signature="OrgModuleTest.CreateOrgwithIndustryAndType_test()[pri:0, instance:OrganizationwithPropertyAndExcel.OrgModuleTest@687e99d8]" name="CreateOrgwithIndustryAndType_test" class="OrganizationwithPropertyAndExcel.OrgModuleTest"/>
        <method signature="OrgModuleTest.OrgPhnum_test()[pri:0, instance:OrganizationwithPropertyAndExcel.OrgModuleTest@687e99d8]" name="OrgPhnum_test" class="OrganizationwithPropertyAndExcel.OrgModuleTest"/>
        <method signature="ContactModuleTest.CreateContactwithOrg_test()[pri:0, instance:ContactModuleWithPOP.ContactModuleTest@6aaceffd]" name="CreateContactwithOrg_test" class="ContactModuleWithPOP.ContactModuleTest"/>
        <method signature="ContactModuleTest.createConWithSuppodate_test()[pri:0, instance:ContactModuleWithPOP.ContactModuleTest@6aaceffd]" name="createConWithSuppodate_test" class="ContactModuleWithPOP.ContactModuleTest"/>
        <method signature="OrgModuleTest.CreateOrgwithIndustryAndType_test()[pri:0, instance:OrganizationwithPropertyAndExcel.OrgModuleTest@c86b9e3]" name="CreateOrgwithIndustryAndType_test" class="OrganizationwithPropertyAndExcel.OrgModuleTest"/>
        <method signature="OrgModuleTest.OrgPhnum_test()[pri:0, instance:OrganizationwithPropertyAndExcel.OrgModuleTest@c86b9e3]" name="OrgPhnum_test" class="OrganizationwithPropertyAndExcel.OrgModuleTest"/>
      </group> <!-- Regression -->
    </groups>
    <test started-at="2026-05-12T23:25:46 IST" name="Test_Chrome" finished-at="2026-05-12T23:29:42 IST" duration-ms="235525">
      <class name="ContactModuleWithPOP.ContactModuleTest">
        <test-method is-config="true" signature="configParallelExe()[pri:0, instance:ContactModuleWithPOP.ContactModuleTest@6ad82709]" started-at="2026-05-12T23:25:46 IST" name="configParallelExe" finished-at="2026-05-12T23:25:46 IST" duration-ms="1" status="PASS">
          <reporter-output>
            <line>
              <![CDATA[configure the parallel execution]]>
            </line>
          </reporter-output>
        </test-method> <!-- configParallelExe -->
        <test-method is-config="true" signature="LaunchtheBrowser()[pri:0, instance:ContactModuleWithPOP.ContactModuleTest@6ad82709]" started-at="2026-05-12T23:25:46 IST" name="LaunchtheBrowser" finished-at="2026-05-12T23:25:51 IST" duration-ms="5127" status="PASS">
          <reporter-output>
            <line>
              <![CDATA[Launching the browser]]>
            </line>
          </reporter-output>
        </test-method> <!-- LaunchtheBrowser -->
        <test-method is-config="true" signature="Login()[pri:0, instance:ContactModuleWithPOP.ContactModuleTest@6ad82709]" started-at="2026-05-12T23:25:51 IST" name="Login" finished-at="2026-05-12T23:26:16 IST" duration-ms="24162" status="PASS">
          <reporter-output>
            <line>
              <![CDATA[logged into the application]]>
            </line>
          </reporter-output>
        </test-method> <!-- Login -->
        <test-method signature="CreateContactwithOrg_test()[pri:0, instance:ContactModuleWithPOP.ContactModuleTest@6ad82709]" started-at="2026-05-12T23:26:16 IST" name="CreateContactwithOrg_test" finished-at="2026-05-12T23:27:34 IST" duration-ms="77840" status="FAIL">
          <exception class="org.openqa.selenium.NoAlertPresentException">
            <message>
              <![CDATA[no such alert
  (Session info: chrome=148.0.7778.97)
Build info: version: '4.43.0', revision: 'dd0f534'
System info: os.name: 'Windows 10', os.arch: 'amd64', os.version: '10.0', java.version: '21.0.9'
Driver info: org.openqa.selenium.chrome.ChromeDriver
Command: [37d65267f523237cb35022131d21e93c, getAlertText {}]
Capabilities {acceptInsecureCerts: false, browserName: chrome, browserVersion: 148.0.7778.97, chrome: {chromedriverVersion: 148.0.7778.97 (6b3fa66a923a..., userDataDir: C:\Users\USER\AppData\Local...}, fedcm:accounts: true, goog:chromeOptions: {debuggerAddress: localhost:50577}, goog:processID: 20360, networkConnectionEnabled: false, pageLoadStrategy: normal, platformName: windows, proxy: Proxy(), se:cdp: ws://localhost:50577/devtoo..., se:cdpVersion: 148.0.7778.97, setWindowRect: true, strictFileInteractability: false, timeouts: {implicit: 0, pageLoad: 300000, script: 30000}, unhandledPromptBehavior: dismiss and notify, webauthn:extension:credBlob: true, webauthn:extension:largeBlob: true, webauthn:extension:minPinLength: true, webauthn:extension:prf: true, webauthn:virtualAuthenticators: true}
Session ID: 37d65267f523237cb35022131d21e93c]]>
            </message>
            <full-stacktrace>
              <![CDATA[org.openqa.selenium.NoAlertPresentException: no such alert
  (Session info: chrome=148.0.7778.97)
Build info: version: '4.43.0', revision: 'dd0f534'
System info: os.name: 'Windows 10', os.arch: 'amd64', os.version: '10.0', java.version: '21.0.9'
Driver info: org.openqa.selenium.chrome.ChromeDriver
Command: [37d65267f523237cb35022131d21e93c, getAlertText {}]
Capabilities {acceptInsecureCerts: false, browserName: chrome, browserVersion: 148.0.7778.97, chrome: {chromedriverVersion: 148.0.7778.97 (6b3fa66a923a..., userDataDir: C:\Users\USER\AppData\Local...}, fedcm:accounts: true, goog:chromeOptions: {debuggerAddress: localhost:50577}, goog:processID: 20360, networkConnectionEnabled: false, pageLoadStrategy: normal, platformName: windows, proxy: Proxy(), se:cdp: ws://localhost:50577/devtoo..., se:cdpVersion: 148.0.7778.97, setWindowRect: true, strictFileInteractability: false, timeouts: {implicit: 0, pageLoad: 300000, script: 30000}, unhandledPromptBehavior: dismiss and notify, webauthn:extension:credBlob: true, webauthn:extension:largeBlob: true, webauthn:extension:minPinLength: true, webauthn:extension:prf: true, webauthn:virtualAuthenticators: true}
Session ID: 37d65267f523237cb35022131d21e93c
at org.openqa.selenium.remote.ErrorCodec.decode(ErrorCodec.java:169)
at org.openqa.selenium.remote.codec.w3c.W3CHttpResponseCodec.decode(W3CHttpResponseCodec.java:142)
at org.openqa.selenium.remote.codec.w3c.W3CHttpResponseCodec.decode(W3CHttpResponseCodec.java:49)
at org.openqa.selenium.remote.HttpCommandExecutor.execute(HttpCommandExecutor.java:223)
at org.openqa.selenium.remote.service.DriverCommandExecutor.invokeExecute(DriverCommandExecutor.java:216)
at org.openqa.selenium.remote.service.DriverCommandExecutor.execute(DriverCommandExecutor.java:174)
at org.openqa.selenium.remote.RemoteWebDriver.execute(RemoteWebDriver.java:606)
at org.openqa.selenium.remote.RemoteWebDriver.execute(RemoteWebDriver.java:688)
at org.openqa.selenium.remote.RemoteWebDriver.execute(RemoteWebDriver.java:692)
at org.openqa.selenium.remote.RemoteWebDriver$RemoteTargetLocator.alert(RemoteWebDriver.java:1335)
at POPpages_GenericUtility.WebDriverUtility.handleAlertClickonOK(WebDriverUtility.java:327)
at ContactModuleWithPOP.ContactModuleTest.CreateContactwithOrg_test(ContactModuleTest.java:226)
at java.base/jdk.internal.reflect.DirectMethodHandleAccessor.invoke(DirectMethodHandleAccessor.java:103)
at java.base/java.lang.reflect.Method.invoke(Method.java:580)
at org.testng.internal.invokers.MethodInvocationHelper.invokeMethod(MethodInvocationHelper.java:141)
at org.testng.internal.invokers.TestInvoker.invokeMethod(TestInvoker.java:687)
at org.testng.internal.invokers.TestInvoker.invokeTestMethod(TestInvoker.java:230)
at org.testng.internal.invokers.MethodRunner.runInSequence(MethodRunner.java:63)
at org.testng.internal.invokers.TestInvoker$MethodInvocationAgent.invoke(TestInvoker.java:995)
at org.testng.internal.invokers.TestInvoker.invokeTestMethods(TestInvoker.java:203)
at org.testng.internal.invokers.TestMethodWorker.invokeTestMethods(TestMethodWorker.java:154)
at org.testng.internal.invokers.TestMethodWorker.run(TestMethodWorker.java:134)
at java.base/java.util.ArrayList.forEach(ArrayList.java:1596)
at org.testng.TestRunner.privateRun(TestRunner.java:741)
at org.testng.TestRunner.run(TestRunner.java:616)
at org.testng.SuiteRunner.runTest(SuiteRunner.java:421)
at org.testng.SuiteRunner$SuiteWorker.run(SuiteRunner.java:463)
at org.testng.internal.thread.ThreadUtil.lambda$execute$0(ThreadUtil.java:64)
at java.base/java.util.concurrent.FutureTask.run(FutureTask.java:317)
at java.base/java.util.concurrent.ThreadPoolExecutor.runWorker(ThreadPoolExecutor.java:1144)
at java.base/java.util.concurrent.ThreadPoolExecutor$Worker.run(ThreadPoolExecutor.java:642)
at java.base/java.lang.Thread.run(Thread.java:1583)
]]>
            </full-stacktrace>
          </exception> <!-- org.openqa.selenium.NoAlertPresentException -->
          <reporter-output>
            <line>
              <![CDATA[CreateContactwithOrg_test: Test execution started]]>
            </line>
          </reporter-output>
        </test-method> <!-- CreateContactwithOrg_test -->
        <test-method is-config="true" signature="Logout()[pri:0, instance:ContactModuleWithPOP.ContactModuleTest@6ad82709]" started-at="2026-05-12T23:27:35 IST" name="Logout" finished-at="2026-05-12T23:27:36 IST" duration-ms="162" status="FAIL">
          <exception class="org.openqa.selenium.json.JsonException">
            <message>
              <![CDATA[java.lang.reflect.InvocationTargetException
Build info: version: '4.43.0', revision: 'dd0f534'
System info: os.name: 'Windows 10', os.arch: 'amd64', os.version: '10.0', java.version: '21.0.9'
Driver info: org.openqa.selenium.chrome.ChromeDriver
Command: [37d65267f523237cb35022131d21e93c, actions {actions=[org.openqa.selenium.interactions.Sequence@5ae55d56]}]
Capabilities {acceptInsecureCerts: false, browserName: chrome, browserVersion: 148.0.7778.97, chrome: {chromedriverVersion: 148.0.7778.97 (6b3fa66a923a..., userDataDir: C:\Users\USER\AppData\Local...}, fedcm:accounts: true, goog:chromeOptions: {debuggerAddress: localhost:50577}, goog:processID: 20360, networkConnectionEnabled: false, pageLoadStrategy: normal, platformName: windows, proxy: Proxy(), se:cdp: ws://localhost:50577/devtoo..., se:cdpVersion: 148.0.7778.97, setWindowRect: true, strictFileInteractability: false, timeouts: {implicit: 0, pageLoad: 300000, script: 30000}, unhandledPromptBehavior: dismiss and notify, webauthn:extension:credBlob: true, webauthn:extension:largeBlob: true, webauthn:extension:minPinLength: true, webauthn:extension:prf: true, webauthn:virtualAuthenticators: true}
Session ID: 37d65267f523237cb35022131d21e93c]]>
            </message>
            <full-stacktrace>
              <![CDATA[org.openqa.selenium.json.JsonException: java.lang.reflect.InvocationTargetException
Build info: version: '4.43.0', revision: 'dd0f534'
System info: os.name: 'Windows 10', os.arch: 'amd64', os.version: '10.0', java.version: '21.0.9'
Driver info: org.openqa.selenium.chrome.ChromeDriver
Command: [37d65267f523237cb35022131d21e93c, actions {actions=[org.openqa.selenium.interactions.Sequence@5ae55d56]}]
Capabilities {acceptInsecureCerts: false, browserName: chrome, browserVersion: 148.0.7778.97, chrome: {chromedriverVersion: 148.0.7778.97 (6b3fa66a923a..., userDataDir: C:\Users\USER\AppData\Local...}, fedcm:accounts: true, goog:chromeOptions: {debuggerAddress: localhost:50577}, goog:processID: 20360, networkConnectionEnabled: false, pageLoadStrategy: normal, platformName: windows, proxy: Proxy(), se:cdp: ws://localhost:50577/devtoo..., se:cdpVersion: 148.0.7778.97, setWindowRect: true, strictFileInteractability: false, timeouts: {implicit: 0, pageLoad: 300000, script: 30000}, unhandledPromptBehavior: dismiss and notify, webauthn:extension:credBlob: true, webauthn:extension:largeBlob: true, webauthn:extension:minPinLength: true, webauthn:extension:prf: true, webauthn:virtualAuthenticators: true}
Session ID: 37d65267f523237cb35022131d21e93c
at org.openqa.selenium.json.JsonOutput.convertUsingMethod(JsonOutput.java:521)
at org.openqa.selenium.json.JsonOutput.lambda$new$14(JsonOutput.java:179)
at org.openqa.selenium.json.JsonOutput.write0(JsonOutput.java:410)
at org.openqa.selenium.json.JsonOutput.lambda$new$21(JsonOutput.java:201)
at java.base/java.util.stream.ForEachOps$ForEachOp$OfRef.accept(ForEachOps.java:184)
at java.base/java.util.stream.ReferencePipeline$2$1.accept(ReferencePipeline.java:179)
at java.base/java.util.Iterator.forEachRemaining(Iterator.java:133)
at java.base/java.util.Spliterators$IteratorSpliterator.forEachRemaining(Spliterators.java:1939)
at java.base/java.util.stream.AbstractPipeline.copyInto(AbstractPipeline.java:509)
at java.base/java.util.stream.AbstractPipeline.wrapAndCopyInto(AbstractPipeline.java:499)
at java.base/java.util.stream.ForEachOps$ForEachOp.evaluateSequential(ForEachOps.java:151)
at java.base/java.util.stream.ForEachOps$ForEachOp$OfRef.evaluateSequential(ForEachOps.java:174)
at java.base/java.util.stream.AbstractPipeline.evaluate(AbstractPipeline.java:234)
at java.base/java.util.stream.ReferencePipeline.forEach(ReferencePipeline.java:596)
at org.openqa.selenium.json.JsonOutput.lambda$new$19(JsonOutput.java:201)
at org.openqa.selenium.json.JsonOutput.write0(JsonOutput.java:410)
at org.openqa.selenium.json.JsonOutput.lambda$new$23(JsonOutput.java:219)
at java.base/java.util.Map.forEach(Map.java:733)
at org.openqa.selenium.json.JsonOutput.lambda$new$22(JsonOutput.java:214)
at org.openqa.selenium.json.JsonOutput.write0(JsonOutput.java:410)
at org.openqa.selenium.json.JsonOutput.write(JsonOutput.java:397)
at org.openqa.selenium.json.Json.toJson(Json.java:134)
at org.openqa.selenium.json.Json.toJson(Json.java:120)
at org.openqa.selenium.remote.codec.AbstractHttpCommandCodec.encode(AbstractHttpCommandCodec.java:244)
at org.openqa.selenium.remote.codec.AbstractHttpCommandCodec.encode(AbstractHttpCommandCodec.java:113)
at org.openqa.selenium.remote.HttpCommandExecutor.execute(HttpCommandExecutor.java:211)
at org.openqa.selenium.remote.service.DriverCommandExecutor.invokeExecute(DriverCommandExecutor.java:216)
at org.openqa.selenium.remote.service.DriverCommandExecutor.execute(DriverCommandExecutor.java:174)
at org.openqa.selenium.remote.RemoteWebDriver.execute(RemoteWebDriver.java:606)
at org.openqa.selenium.remote.RemoteWebDriver.perform(RemoteWebDriver.java:702)
at org.openqa.selenium.interactions.Actions$BuiltAction.perform(Actions.java:612)
at org.openqa.selenium.interactions.Actions.perform(Actions.java:577)
at POPpages_GenericUtility.WebDriverUtility.mouseoveranEle_Actions(WebDriverUtility.java:308)
at BaseclassUtility.BaseClass.Logout(BaseClass.java:87)
at java.base/jdk.internal.reflect.DirectMethodHandleAccessor.invoke(DirectMethodHandleAccessor.java:103)
at java.base/java.lang.reflect.Method.invoke(Method.java:580)
at org.testng.internal.invokers.MethodInvocationHelper.invokeMethod(MethodInvocationHelper.java:141)
at org.testng.internal.invokers.MethodInvocationHelper.invokeMethodConsideringTimeout(MethodInvocationHelper.java:71)
at org.testng.internal.invokers.ConfigInvoker.invokeConfigurationMethod(ConfigInvoker.java:400)
at org.testng.internal.invokers.ConfigInvoker.invokeConfigurations(ConfigInvoker.java:333)
at org.testng.internal.invokers.TestInvoker.runConfigMethods(TestInvoker.java:836)
at org.testng.internal.invokers.TestInvoker.runAfterConfigurations(TestInvoker.java:805)
at org.testng.internal.invokers.TestInvoker.invokeMethod(TestInvoker.java:781)
at org.testng.internal.invokers.TestInvoker.invokeTestMethod(TestInvoker.java:230)
at org.testng.internal.invokers.MethodRunner.runInSequence(MethodRunner.java:63)
at org.testng.internal.invokers.TestInvoker$MethodInvocationAgent.invoke(TestInvoker.java:995)
at org.testng.internal.invokers.TestInvoker.invokeTestMethods(TestInvoker.java:203)
at org.testng.internal.invokers.TestMethodWorker.invokeTestMethods(TestMethodWorker.java:154)
at org.testng.internal.invokers.TestMethodWorker.run(TestMethodWorker.java:134)
at java.base/java.util.ArrayList.forEach(ArrayList.java:1596)
at org.testng.TestRunner.privateRun(TestRunner.java:741)
at org.testng.TestRunner.run(TestRunner.java:616)
at org.testng.SuiteRunner.runTest(SuiteRunner.java:421)
at org.testng.SuiteRunner$SuiteWorker.run(SuiteRunner.java:463)
at org.testng.internal.thread.ThreadUtil.lambda$execute$0(ThreadUtil.java:64)
at java.base/java.util.concurrent.FutureTask.run(FutureTask.java:317)
at java.base/java.util.concurrent.ThreadPoolExecutor.runWorker(ThreadPoolExecutor.java:1144)
at java.base/java.util.concurrent.ThreadPoolExecutor$Worker.run(ThreadPoolExecutor.java:642)
at java.base/java.lang.Thread.run(Thread.java:1583)
Suppressed: org.openqa.selenium.json.JsonException: Attempting to close incomplete json stream
Build info: version: '4.43.0', revision: 'dd0f534'
System info: os.name: 'Windows 10', os.arch: 'amd64', os.version: '10.0', java.version: '21.0.9'
Driver info: driver.version: RemoteWebDriver
at org.openqa.selenium.json.JsonOutput.close(JsonOutput.java:432)
at org.openqa.selenium.json.Json.toJson(Json.java:132)
... 37 more
Caused by: java.lang.reflect.InvocationTargetException
at java.base/jdk.internal.reflect.DirectMethodHandleAccessor.invoke(DirectMethodHandleAccessor.java:118)
at java.base/java.lang.reflect.Method.invoke(Method.java:580)
at org.openqa.selenium.json.JsonOutput.convertUsingMethod(JsonOutput.java:517)
... 58 more
Caused by: org.openqa.selenium.UnhandledAlertException: unexpected alert open: {Alert text : Are You Sure You want to Delete?}
  (Session info: chrome=148.0.7778.97): Are You Sure You want to Delete?
Build info: version: '4.43.0', revision: 'dd0f534'
System info: os.name: 'Windows 10', os.arch: 'amd64', os.version: '10.0', java.version: '21.0.9'
Driver info: org.openqa.selenium.chrome.ChromeDriver
Command: [37d65267f523237cb35022131d21e93c, findElement {using=xpath, value=//img[@src='themes/softed/images/user.PNG']}]
Capabilities {acceptInsecureCerts: false, browserName: chrome, browserVersion: 148.0.7778.97, chrome: {chromedriverVersion: 148.0.7778.97 (6b3fa66a923a..., userDataDir: C:\Users\USER\AppData\Local...}, fedcm:accounts: true, goog:chromeOptions: {debuggerAddress: localhost:50577}, goog:processID: 20360, networkConnectionEnabled: false, pageLoadStrategy: normal, platformName: windows, proxy: Proxy(), se:cdp: ws://localhost:50577/devtoo..., se:cdpVersion: 148.0.7778.97, setWindowRect: true, strictFileInteractability: false, timeouts: {implicit: 0, pageLoad: 300000, script: 30000}, unhandledPromptBehavior: dismiss and notify, webauthn:extension:credBlob: true, webauthn:extension:largeBlob: true, webauthn:extension:minPinLength: true, webauthn:extension:prf: true, webauthn:virtualAuthenticators: true}
Session ID: 37d65267f523237cb35022131d21e93c
at org.openqa.selenium.remote.codec.w3c.W3CHttpResponseCodec.decode(W3CHttpResponseCodec.java:140)
at org.openqa.selenium.remote.codec.w3c.W3CHttpResponseCodec.decode(W3CHttpResponseCodec.java:49)
at org.openqa.selenium.remote.HttpCommandExecutor.execute(HttpCommandExecutor.java:223)
at org.openqa.selenium.remote.service.DriverCommandExecutor.invokeExecute(DriverCommandExecutor.java:216)
at org.openqa.selenium.remote.service.DriverCommandExecutor.execute(DriverCommandExecutor.java:174)
at org.openqa.selenium.remote.RemoteWebDriver.execute(RemoteWebDriver.java:606)
at org.openqa.selenium.remote.ElementLocation$ElementFinder$2.findElement(ElementLocation.java:166)
at org.openqa.selenium.remote.ElementLocation.findElement(ElementLocation.java:60)
at org.openqa.selenium.remote.RemoteWebDriver.findElement(RemoteWebDriver.java:429)
at org.openqa.selenium.remote.RemoteWebDriver.findElement(RemoteWebDriver.java:423)
at org.openqa.selenium.support.pagefactory.DefaultElementLocator.findElement(DefaultElementLocator.java:68)
at org.openqa.selenium.support.pagefactory.internal.LocatingElementHandler.invoke(LocatingElementHandler.java:38)
at jdk.proxy2/jdk.proxy2.$Proxy20.getWrappedElement(Unknown Source)
at org.openqa.selenium.interactions.PointerInput$Origin.asArg(PointerInput.java:260)
at org.openqa.selenium.interactions.PointerInput$Move.encode(PointerInput.java:209)
at org.openqa.selenium.interactions.Sequence.encode(Sequence.java:73)
at org.openqa.selenium.interactions.Sequence.toJson(Sequence.java:82)
at java.base/jdk.internal.reflect.DirectMethodHandleAccessor.invoke(DirectMethodHandleAccessor.java:103)
... 60 more
]]>
            </full-stacktrace>
          </exception> <!-- org.openqa.selenium.json.JsonException -->
          <reporter-output>
          </reporter-output>
        </test-method> <!-- Logout -->
        <test-method is-config="true" signature="Login()[pri:0, instance:ContactModuleWithPOP.ContactModuleTest@6ad82709]" started-at="2026-05-12T23:27:36 IST" name="Login" finished-at="2026-05-12T23:27:36 IST" duration-ms="0" status="SKIP">
          <reporter-output>
          </reporter-output>
        </test-method> <!-- Login -->
        <test-method signature="createConWithSuppodate_test()[pri:0, instance:ContactModuleWithPOP.ContactModuleTest@6ad82709]" started-at="2026-05-12T23:27:36 IST" name="createConWithSuppodate_test" finished-at="2026-05-12T23:27:36 IST" duration-ms="1" status="SKIP">
          <exception class="org.openqa.selenium.json.JsonException">
            <message>
              <![CDATA[java.lang.reflect.InvocationTargetException
Build info: version: '4.43.0', revision: 'dd0f534'
System info: os.name: 'Windows 10', os.arch: 'amd64', os.version: '10.0', java.version: '21.0.9'
Driver info: org.openqa.selenium.chrome.ChromeDriver
Command: [37d65267f523237cb35022131d21e93c, actions {actions=[org.openqa.selenium.interactions.Sequence@5ae55d56]}]
Capabilities {acceptInsecureCerts: false, browserName: chrome, browserVersion: 148.0.7778.97, chrome: {chromedriverVersion: 148.0.7778.97 (6b3fa66a923a..., userDataDir: C:\Users\USER\AppData\Local...}, fedcm:accounts: true, goog:chromeOptions: {debuggerAddress: localhost:50577}, goog:processID: 20360, networkConnectionEnabled: false, pageLoadStrategy: normal, platformName: windows, proxy: Proxy(), se:cdp: ws://localhost:50577/devtoo..., se:cdpVersion: 148.0.7778.97, setWindowRect: true, strictFileInteractability: false, timeouts: {implicit: 0, pageLoad: 300000, script: 30000}, unhandledPromptBehavior: dismiss and notify, webauthn:extension:credBlob: true, webauthn:extension:largeBlob: true, webauthn:extension:minPinLength: true, webauthn:extension:prf: true, webauthn:virtualAuthenticators: true}
Session ID: 37d65267f523237cb35022131d21e93c]]>
            </message>
            <full-stacktrace>
              <![CDATA[org.openqa.selenium.json.JsonException: java.lang.reflect.InvocationTargetException
Build info: version: '4.43.0', revision: 'dd0f534'
System info: os.name: 'Windows 10', os.arch: 'amd64', os.version: '10.0', java.version: '21.0.9'
Driver info: org.openqa.selenium.chrome.ChromeDriver
Command: [37d65267f523237cb35022131d21e93c, actions {actions=[org.openqa.selenium.interactions.Sequence@5ae55d56]}]
Capabilities {acceptInsecureCerts: false, browserName: chrome, browserVersion: 148.0.7778.97, chrome: {chromedriverVersion: 148.0.7778.97 (6b3fa66a923a..., userDataDir: C:\Users\USER\AppData\Local...}, fedcm:accounts: true, goog:chromeOptions: {debuggerAddress: localhost:50577}, goog:processID: 20360, networkConnectionEnabled: false, pageLoadStrategy: normal, platformName: windows, proxy: Proxy(), se:cdp: ws://localhost:50577/devtoo..., se:cdpVersion: 148.0.7778.97, setWindowRect: true, strictFileInteractability: false, timeouts: {implicit: 0, pageLoad: 300000, script: 30000}, unhandledPromptBehavior: dismiss and notify, webauthn:extension:credBlob: true, webauthn:extension:largeBlob: true, webauthn:extension:minPinLength: true, webauthn:extension:prf: true, webauthn:virtualAuthenticators: true}
Session ID: 37d65267f523237cb35022131d21e93c
at org.openqa.selenium.json.JsonOutput.convertUsingMethod(JsonOutput.java:521)
at org.openqa.selenium.json.JsonOutput.lambda$new$14(JsonOutput.java:179)
at org.openqa.selenium.json.JsonOutput.write0(JsonOutput.java:410)
at org.openqa.selenium.json.JsonOutput.lambda$new$21(JsonOutput.java:201)
at java.base/java.util.stream.ForEachOps$ForEachOp$OfRef.accept(ForEachOps.java:184)
at java.base/java.util.stream.ReferencePipeline$2$1.accept(ReferencePipeline.java:179)
at java.base/java.util.Iterator.forEachRemaining(Iterator.java:133)
at java.base/java.util.Spliterators$IteratorSpliterator.forEachRemaining(Spliterators.java:1939)
at java.base/java.util.stream.AbstractPipeline.copyInto(AbstractPipeline.java:509)
at java.base/java.util.stream.AbstractPipeline.wrapAndCopyInto(AbstractPipeline.java:499)
at java.base/java.util.stream.ForEachOps$ForEachOp.evaluateSequential(ForEachOps.java:151)
at java.base/java.util.stream.ForEachOps$ForEachOp$OfRef.evaluateSequential(ForEachOps.java:174)
at java.base/java.util.stream.AbstractPipeline.evaluate(AbstractPipeline.java:234)
at java.base/java.util.stream.ReferencePipeline.forEach(ReferencePipeline.java:596)
at org.openqa.selenium.json.JsonOutput.lambda$new$19(JsonOutput.java:201)
at org.openqa.selenium.json.JsonOutput.write0(JsonOutput.java:410)
at org.openqa.selenium.json.JsonOutput.lambda$new$23(JsonOutput.java:219)
at java.base/java.util.Map.forEach(Map.java:733)
at org.openqa.selenium.json.JsonOutput.lambda$new$22(JsonOutput.java:214)
at org.openqa.selenium.json.JsonOutput.write0(JsonOutput.java:410)
at org.openqa.selenium.json.JsonOutput.write(JsonOutput.java:397)
at org.openqa.selenium.json.Json.toJson(Json.java:134)
at org.openqa.selenium.json.Json.toJson(Json.java:120)
at org.openqa.selenium.remote.codec.AbstractHttpCommandCodec.encode(AbstractHttpCommandCodec.java:244)
at org.openqa.selenium.remote.codec.AbstractHttpCommandCodec.encode(AbstractHttpCommandCodec.java:113)
at org.openqa.selenium.remote.HttpCommandExecutor.execute(HttpCommandExecutor.java:211)
at org.openqa.selenium.remote.service.DriverCommandExecutor.invokeExecute(DriverCommandExecutor.java:216)
at org.openqa.selenium.remote.service.DriverCommandExecutor.execute(DriverCommandExecutor.java:174)
at org.openqa.selenium.remote.RemoteWebDriver.execute(RemoteWebDriver.java:606)
at org.openqa.selenium.remote.RemoteWebDriver.perform(RemoteWebDriver.java:702)
at org.openqa.selenium.interactions.Actions$BuiltAction.perform(Actions.java:612)
at org.openqa.selenium.interactions.Actions.perform(Actions.java:577)
at POPpages_GenericUtility.WebDriverUtility.mouseoveranEle_Actions(WebDriverUtility.java:308)
at BaseclassUtility.BaseClass.Logout(BaseClass.java:87)
at java.base/jdk.internal.reflect.DirectMethodHandleAccessor.invoke(DirectMethodHandleAccessor.java:103)
at java.base/java.lang.reflect.Method.invoke(Method.java:580)
at org.testng.internal.invokers.MethodInvocationHelper.invokeMethod(MethodInvocationHelper.java:141)
at org.testng.internal.invokers.MethodInvocationHelper.invokeMethodConsideringTimeout(MethodInvocationHelper.java:71)
at org.testng.internal.invokers.ConfigInvoker.invokeConfigurationMethod(ConfigInvoker.java:400)
at org.testng.internal.invokers.ConfigInvoker.invokeConfigurations(ConfigInvoker.java:333)
at org.testng.internal.invokers.TestInvoker.runConfigMethods(TestInvoker.java:836)
at org.testng.internal.invokers.TestInvoker.runAfterConfigurations(TestInvoker.java:805)
at org.testng.internal.invokers.TestInvoker.invokeMethod(TestInvoker.java:781)
at org.testng.internal.invokers.TestInvoker.invokeTestMethod(TestInvoker.java:230)
at org.testng.internal.invokers.MethodRunner.runInSequence(MethodRunner.java:63)
at org.testng.internal.invokers.TestInvoker$MethodInvocationAgent.invoke(TestInvoker.java:995)
at org.testng.internal.invokers.TestInvoker.invokeTestMethods(TestInvoker.java:203)
at org.testng.internal.invokers.TestMethodWorker.invokeTestMethods(TestMethodWorker.java:154)
at org.testng.internal.invokers.TestMethodWorker.run(TestMethodWorker.java:134)
at java.base/java.util.ArrayList.forEach(ArrayList.java:1596)
at org.testng.TestRunner.privateRun(TestRunner.java:741)
at org.testng.TestRunner.run(TestRunner.java:616)
at org.testng.SuiteRunner.runTest(SuiteRunner.java:421)
at org.testng.SuiteRunner$SuiteWorker.run(SuiteRunner.java:463)
at org.testng.internal.thread.ThreadUtil.lambda$execute$0(ThreadUtil.java:64)
at java.base/java.util.concurrent.FutureTask.run(FutureTask.java:317)
at java.base/java.util.concurrent.ThreadPoolExecutor.runWorker(ThreadPoolExecutor.java:1144)
at java.base/java.util.concurrent.ThreadPoolExecutor$Worker.run(ThreadPoolExecutor.java:642)
at java.base/java.lang.Thread.run(Thread.java:1583)
Suppressed: org.openqa.selenium.json.JsonException: Attempting to close incomplete json stream
Build info: version: '4.43.0', revision: 'dd0f534'
System info: os.name: 'Windows 10', os.arch: 'amd64', os.version: '10.0', java.version: '21.0.9'
Driver info: driver.version: RemoteWebDriver
at org.openqa.selenium.json.JsonOutput.close(JsonOutput.java:432)
at org.openqa.selenium.json.Json.toJson(Json.java:132)
... 37 more
Caused by: java.lang.reflect.InvocationTargetException
at java.base/jdk.internal.reflect.DirectMethodHandleAccessor.invoke(DirectMethodHandleAccessor.java:118)
at java.base/java.lang.reflect.Method.invoke(Method.java:580)
at org.openqa.selenium.json.JsonOutput.convertUsingMethod(JsonOutput.java:517)
... 58 more
Caused by: org.openqa.selenium.UnhandledAlertException: unexpected alert open: {Alert text : Are You Sure You want to Delete?}
  (Session info: chrome=148.0.7778.97): Are You Sure You want to Delete?
Build info: version: '4.43.0', revision: 'dd0f534'
System info: os.name: 'Windows 10', os.arch: 'amd64', os.version: '10.0', java.version: '21.0.9'
Driver info: org.openqa.selenium.chrome.ChromeDriver
Command: [37d65267f523237cb35022131d21e93c, findElement {using=xpath, value=//img[@src='themes/softed/images/user.PNG']}]
Capabilities {acceptInsecureCerts: false, browserName: chrome, browserVersion: 148.0.7778.97, chrome: {chromedriverVersion: 148.0.7778.97 (6b3fa66a923a..., userDataDir: C:\Users\USER\AppData\Local...}, fedcm:accounts: true, goog:chromeOptions: {debuggerAddress: localhost:50577}, goog:processID: 20360, networkConnectionEnabled: false, pageLoadStrategy: normal, platformName: windows, proxy: Proxy(), se:cdp: ws://localhost:50577/devtoo..., se:cdpVersion: 148.0.7778.97, setWindowRect: true, strictFileInteractability: false, timeouts: {implicit: 0, pageLoad: 300000, script: 30000}, unhandledPromptBehavior: dismiss and notify, webauthn:extension:credBlob: true, webauthn:extension:largeBlob: true, webauthn:extension:minPinLength: true, webauthn:extension:prf: true, webauthn:virtualAuthenticators: true}
Session ID: 37d65267f523237cb35022131d21e93c
at org.openqa.selenium.remote.codec.w3c.W3CHttpResponseCodec.decode(W3CHttpResponseCodec.java:140)
at org.openqa.selenium.remote.codec.w3c.W3CHttpResponseCodec.decode(W3CHttpResponseCodec.java:49)
at org.openqa.selenium.remote.HttpCommandExecutor.execute(HttpCommandExecutor.java:223)
at org.openqa.selenium.remote.service.DriverCommandExecutor.invokeExecute(DriverCommandExecutor.java:216)
at org.openqa.selenium.remote.service.DriverCommandExecutor.execute(DriverCommandExecutor.java:174)
at org.openqa.selenium.remote.RemoteWebDriver.execute(RemoteWebDriver.java:606)
at org.openqa.selenium.remote.ElementLocation$ElementFinder$2.findElement(ElementLocation.java:166)
at org.openqa.selenium.remote.ElementLocation.findElement(ElementLocation.java:60)
at org.openqa.selenium.remote.RemoteWebDriver.findElement(RemoteWebDriver.java:429)
at org.openqa.selenium.remote.RemoteWebDriver.findElement(RemoteWebDriver.java:423)
at org.openqa.selenium.support.pagefactory.DefaultElementLocator.findElement(DefaultElementLocator.java:68)
at org.openqa.selenium.support.pagefactory.internal.LocatingElementHandler.invoke(LocatingElementHandler.java:38)
at jdk.proxy2/jdk.proxy2.$Proxy20.getWrappedElement(Unknown Source)
at org.openqa.selenium.interactions.PointerInput$Origin.asArg(PointerInput.java:260)
at org.openqa.selenium.interactions.PointerInput$Move.encode(PointerInput.java:209)
at org.openqa.selenium.interactions.Sequence.encode(Sequence.java:73)
at org.openqa.selenium.interactions.Sequence.toJson(Sequence.java:82)
at java.base/jdk.internal.reflect.DirectMethodHandleAccessor.invoke(DirectMethodHandleAccessor.java:103)
... 60 more
]]>
            </full-stacktrace>
          </exception> <!-- org.openqa.selenium.json.JsonException -->
          <reporter-output>
            <line>
              <![CDATA[name_test: Test execution started]]>
            </line>
          </reporter-output>
        </test-method> <!-- createConWithSuppodate_test -->
        <test-method is-config="true" signature="Logout()[pri:0, instance:ContactModuleWithPOP.ContactModuleTest@6ad82709]" started-at="2026-05-12T23:27:36 IST" name="Logout" finished-at="2026-05-12T23:27:36 IST" duration-ms="0" status="SKIP">
          <reporter-output>
          </reporter-output>
        </test-method> <!-- Logout -->
        <test-method is-config="true" signature="Login()[pri:0, instance:ContactModuleWithPOP.ContactModuleTest@6ad82709]" started-at="2026-05-12T23:27:36 IST" name="Login" finished-at="2026-05-12T23:27:36 IST" duration-ms="0" status="SKIP">
          <reporter-output>
          </reporter-output>
        </test-method> <!-- Login -->
        <test-method signature="name_test()[pri:0, instance:ContactModuleWithPOP.ContactModuleTest@6ad82709]" started-at="2026-05-12T23:27:36 IST" name="name_test" finished-at="2026-05-12T23:27:36 IST" duration-ms="0" status="SKIP">
          <exception class="org.openqa.selenium.json.JsonException">
            <message>
              <![CDATA[java.lang.reflect.InvocationTargetException
Build info: version: '4.43.0', revision: 'dd0f534'
System info: os.name: 'Windows 10', os.arch: 'amd64', os.version: '10.0', java.version: '21.0.9'
Driver info: org.openqa.selenium.chrome.ChromeDriver
Command: [37d65267f523237cb35022131d21e93c, actions {actions=[org.openqa.selenium.interactions.Sequence@5ae55d56]}]
Capabilities {acceptInsecureCerts: false, browserName: chrome, browserVersion: 148.0.7778.97, chrome: {chromedriverVersion: 148.0.7778.97 (6b3fa66a923a..., userDataDir: C:\Users\USER\AppData\Local...}, fedcm:accounts: true, goog:chromeOptions: {debuggerAddress: localhost:50577}, goog:processID: 20360, networkConnectionEnabled: false, pageLoadStrategy: normal, platformName: windows, proxy: Proxy(), se:cdp: ws://localhost:50577/devtoo..., se:cdpVersion: 148.0.7778.97, setWindowRect: true, strictFileInteractability: false, timeouts: {implicit: 0, pageLoad: 300000, script: 30000}, unhandledPromptBehavior: dismiss and notify, webauthn:extension:credBlob: true, webauthn:extension:largeBlob: true, webauthn:extension:minPinLength: true, webauthn:extension:prf: true, webauthn:virtualAuthenticators: true}
Session ID: 37d65267f523237cb35022131d21e93c]]>
            </message>
            <full-stacktrace>
              <![CDATA[org.openqa.selenium.json.JsonException: java.lang.reflect.InvocationTargetException
Build info: version: '4.43.0', revision: 'dd0f534'
System info: os.name: 'Windows 10', os.arch: 'amd64', os.version: '10.0', java.version: '21.0.9'
Driver info: org.openqa.selenium.chrome.ChromeDriver
Command: [37d65267f523237cb35022131d21e93c, actions {actions=[org.openqa.selenium.interactions.Sequence@5ae55d56]}]
Capabilities {acceptInsecureCerts: false, browserName: chrome, browserVersion: 148.0.7778.97, chrome: {chromedriverVersion: 148.0.7778.97 (6b3fa66a923a..., userDataDir: C:\Users\USER\AppData\Local...}, fedcm:accounts: true, goog:chromeOptions: {debuggerAddress: localhost:50577}, goog:processID: 20360, networkConnectionEnabled: false, pageLoadStrategy: normal, platformName: windows, proxy: Proxy(), se:cdp: ws://localhost:50577/devtoo..., se:cdpVersion: 148.0.7778.97, setWindowRect: true, strictFileInteractability: false, timeouts: {implicit: 0, pageLoad: 300000, script: 30000}, unhandledPromptBehavior: dismiss and notify, webauthn:extension:credBlob: true, webauthn:extension:largeBlob: true, webauthn:extension:minPinLength: true, webauthn:extension:prf: true, webauthn:virtualAuthenticators: true}
Session ID: 37d65267f523237cb35022131d21e93c
at org.openqa.selenium.json.JsonOutput.convertUsingMethod(JsonOutput.java:521)
at org.openqa.selenium.json.JsonOutput.lambda$new$14(JsonOutput.java:179)
at org.openqa.selenium.json.JsonOutput.write0(JsonOutput.java:410)
at org.openqa.selenium.json.JsonOutput.lambda$new$21(JsonOutput.java:201)
at java.base/java.util.stream.ForEachOps$ForEachOp$OfRef.accept(ForEachOps.java:184)
at java.base/java.util.stream.ReferencePipeline$2$1.accept(ReferencePipeline.java:179)
at java.base/java.util.Iterator.forEachRemaining(Iterator.java:133)
at java.base/java.util.Spliterators$IteratorSpliterator.forEachRemaining(Spliterators.java:1939)
at java.base/java.util.stream.AbstractPipeline.copyInto(AbstractPipeline.java:509)
at java.base/java.util.stream.AbstractPipeline.wrapAndCopyInto(AbstractPipeline.java:499)
at java.base/java.util.stream.ForEachOps$ForEachOp.evaluateSequential(ForEachOps.java:151)
at java.base/java.util.stream.ForEachOps$ForEachOp$OfRef.evaluateSequential(ForEachOps.java:174)
at java.base/java.util.stream.AbstractPipeline.evaluate(AbstractPipeline.java:234)
at java.base/java.util.stream.ReferencePipeline.forEach(ReferencePipeline.java:596)
at org.openqa.selenium.json.JsonOutput.lambda$new$19(JsonOutput.java:201)
at org.openqa.selenium.json.JsonOutput.write0(JsonOutput.java:410)
at org.openqa.selenium.json.JsonOutput.lambda$new$23(JsonOutput.java:219)
at java.base/java.util.Map.forEach(Map.java:733)
at org.openqa.selenium.json.JsonOutput.lambda$new$22(JsonOutput.java:214)
at org.openqa.selenium.json.JsonOutput.write0(JsonOutput.java:410)
at org.openqa.selenium.json.JsonOutput.write(JsonOutput.java:397)
at org.openqa.selenium.json.Json.toJson(Json.java:134)
at org.openqa.selenium.json.Json.toJson(Json.java:120)
at org.openqa.selenium.remote.codec.AbstractHttpCommandCodec.encode(AbstractHttpCommandCodec.java:244)
at org.openqa.selenium.remote.codec.AbstractHttpCommandCodec.encode(AbstractHttpCommandCodec.java:113)
at org.openqa.selenium.remote.HttpCommandExecutor.execute(HttpCommandExecutor.java:211)
at org.openqa.selenium.remote.service.DriverCommandExecutor.invokeExecute(DriverCommandExecutor.java:216)
at org.openqa.selenium.remote.service.DriverCommandExecutor.execute(DriverCommandExecutor.java:174)
at org.openqa.selenium.remote.RemoteWebDriver.execute(RemoteWebDriver.java:606)
at org.openqa.selenium.remote.RemoteWebDriver.perform(RemoteWebDriver.java:702)
at org.openqa.selenium.interactions.Actions$BuiltAction.perform(Actions.java:612)
at org.openqa.selenium.interactions.Actions.perform(Actions.java:577)
at POPpages_GenericUtility.WebDriverUtility.mouseoveranEle_Actions(WebDriverUtility.java:308)
at BaseclassUtility.BaseClass.Logout(BaseClass.java:87)
at java.base/jdk.internal.reflect.DirectMethodHandleAccessor.invoke(DirectMethodHandleAccessor.java:103)
at java.base/java.lang.reflect.Method.invoke(Method.java:580)
at org.testng.internal.invokers.MethodInvocationHelper.invokeMethod(MethodInvocationHelper.java:141)
at org.testng.internal.invokers.MethodInvocationHelper.invokeMethodConsideringTimeout(MethodInvocationHelper.java:71)
at org.testng.internal.invokers.ConfigInvoker.invokeConfigurationMethod(ConfigInvoker.java:400)
at org.testng.internal.invokers.ConfigInvoker.invokeConfigurations(ConfigInvoker.java:333)
at org.testng.internal.invokers.TestInvoker.runConfigMethods(TestInvoker.java:836)
at org.testng.internal.invokers.TestInvoker.runAfterConfigurations(TestInvoker.java:805)
at org.testng.internal.invokers.TestInvoker.invokeMethod(TestInvoker.java:781)
at org.testng.internal.invokers.TestInvoker.invokeTestMethod(TestInvoker.java:230)
at org.testng.internal.invokers.MethodRunner.runInSequence(MethodRunner.java:63)
at org.testng.internal.invokers.TestInvoker$MethodInvocationAgent.invoke(TestInvoker.java:995)
at org.testng.internal.invokers.TestInvoker.invokeTestMethods(TestInvoker.java:203)
at org.testng.internal.invokers.TestMethodWorker.invokeTestMethods(TestMethodWorker.java:154)
at org.testng.internal.invokers.TestMethodWorker.run(TestMethodWorker.java:134)
at java.base/java.util.ArrayList.forEach(ArrayList.java:1596)
at org.testng.TestRunner.privateRun(TestRunner.java:741)
at org.testng.TestRunner.run(TestRunner.java:616)
at org.testng.SuiteRunner.runTest(SuiteRunner.java:421)
at org.testng.SuiteRunner$SuiteWorker.run(SuiteRunner.java:463)
at org.testng.internal.thread.ThreadUtil.lambda$execute$0(ThreadUtil.java:64)
at java.base/java.util.concurrent.FutureTask.run(FutureTask.java:317)
at java.base/java.util.concurrent.ThreadPoolExecutor.runWorker(ThreadPoolExecutor.java:1144)
at java.base/java.util.concurrent.ThreadPoolExecutor$Worker.run(ThreadPoolExecutor.java:642)
at java.base/java.lang.Thread.run(Thread.java:1583)
Suppressed: org.openqa.selenium.json.JsonException: Attempting to close incomplete json stream
Build info: version: '4.43.0', revision: 'dd0f534'
System info: os.name: 'Windows 10', os.arch: 'amd64', os.version: '10.0', java.version: '21.0.9'
Driver info: driver.version: RemoteWebDriver
at org.openqa.selenium.json.JsonOutput.close(JsonOutput.java:432)
at org.openqa.selenium.json.Json.toJson(Json.java:132)
... 37 more
Caused by: java.lang.reflect.InvocationTargetException
at java.base/jdk.internal.reflect.DirectMethodHandleAccessor.invoke(DirectMethodHandleAccessor.java:118)
at java.base/java.lang.reflect.Method.invoke(Method.java:580)
at org.openqa.selenium.json.JsonOutput.convertUsingMethod(JsonOutput.java:517)
... 58 more
Caused by: org.openqa.selenium.UnhandledAlertException: unexpected alert open: {Alert text : Are You Sure You want to Delete?}
  (Session info: chrome=148.0.7778.97): Are You Sure You want to Delete?
Build info: version: '4.43.0', revision: 'dd0f534'
System info: os.name: 'Windows 10', os.arch: 'amd64', os.version: '10.0', java.version: '21.0.9'
Driver info: org.openqa.selenium.chrome.ChromeDriver
Command: [37d65267f523237cb35022131d21e93c, findElement {using=xpath, value=//img[@src='themes/softed/images/user.PNG']}]
Capabilities {acceptInsecureCerts: false, browserName: chrome, browserVersion: 148.0.7778.97, chrome: {chromedriverVersion: 148.0.7778.97 (6b3fa66a923a..., userDataDir: C:\Users\USER\AppData\Local...}, fedcm:accounts: true, goog:chromeOptions: {debuggerAddress: localhost:50577}, goog:processID: 20360, networkConnectionEnabled: false, pageLoadStrategy: normal, platformName: windows, proxy: Proxy(), se:cdp: ws://localhost:50577/devtoo..., se:cdpVersion: 148.0.7778.97, setWindowRect: true, strictFileInteractability: false, timeouts: {implicit: 0, pageLoad: 300000, script: 30000}, unhandledPromptBehavior: dismiss and notify, webauthn:extension:credBlob: true, webauthn:extension:largeBlob: true, webauthn:extension:minPinLength: true, webauthn:extension:prf: true, webauthn:virtualAuthenticators: true}
Session ID: 37d65267f523237cb35022131d21e93c
at org.openqa.selenium.remote.codec.w3c.W3CHttpResponseCodec.decode(W3CHttpResponseCodec.java:140)
at org.openqa.selenium.remote.codec.w3c.W3CHttpResponseCodec.decode(W3CHttpResponseCodec.java:49)
at org.openqa.selenium.remote.HttpCommandExecutor.execute(HttpCommandExecutor.java:223)
at org.openqa.selenium.remote.service.DriverCommandExecutor.invokeExecute(DriverCommandExecutor.java:216)
at org.openqa.selenium.remote.service.DriverCommandExecutor.execute(DriverCommandExecutor.java:174)
at org.openqa.selenium.remote.RemoteWebDriver.execute(RemoteWebDriver.java:606)
at org.openqa.selenium.remote.ElementLocation$ElementFinder$2.findElement(ElementLocation.java:166)
at org.openqa.selenium.remote.ElementLocation.findElement(ElementLocation.java:60)
at org.openqa.selenium.remote.RemoteWebDriver.findElement(RemoteWebDriver.java:429)
at org.openqa.selenium.remote.RemoteWebDriver.findElement(RemoteWebDriver.java:423)
at org.openqa.selenium.support.pagefactory.DefaultElementLocator.findElement(DefaultElementLocator.java:68)
at org.openqa.selenium.support.pagefactory.internal.LocatingElementHandler.invoke(LocatingElementHandler.java:38)
at jdk.proxy2/jdk.proxy2.$Proxy20.getWrappedElement(Unknown Source)
at org.openqa.selenium.interactions.PointerInput$Origin.asArg(PointerInput.java:260)
at org.openqa.selenium.interactions.PointerInput$Move.encode(PointerInput.java:209)
at org.openqa.selenium.interactions.Sequence.encode(Sequence.java:73)
at org.openqa.selenium.interactions.Sequence.toJson(Sequence.java:82)
at java.base/jdk.internal.reflect.DirectMethodHandleAccessor.invoke(DirectMethodHandleAccessor.java:103)
... 60 more
]]>
            </full-stacktrace>
          </exception> <!-- org.openqa.selenium.json.JsonException -->
          <reporter-output>
          </reporter-output>
        </test-method> <!-- name_test -->
        <test-method is-config="true" signature="Logout()[pri:0, instance:ContactModuleWithPOP.ContactModuleTest@6ad82709]" started-at="2026-05-12T23:27:36 IST" name="Logout" finished-at="2026-05-12T23:27:36 IST" duration-ms="0" status="SKIP">
          <reporter-output>
          </reporter-output>
        </test-method> <!-- Logout -->
        <test-method is-config="true" signature="quitTheBrowser()[pri:0, instance:ContactModuleWithPOP.ContactModuleTest@6ad82709]" started-at="2026-05-12T23:27:36 IST" name="quitTheBrowser" finished-at="2026-05-12T23:27:36 IST" duration-ms="0" status="SKIP">
          <reporter-output>
          </reporter-output>
        </test-method> <!-- quitTheBrowser -->
        <test-method is-config="true" signature="closeConfigParallelExe()[pri:0, instance:ContactModuleWithPOP.ContactModuleTest@6ad82709]" started-at="2026-05-12T23:29:42 IST" name="closeConfigParallelExe" finished-at="2026-05-12T23:29:42 IST" duration-ms="1" status="PASS">
          <reporter-output>
            <line>
              <![CDATA[configure the parallel execution]]>
            </line>
          </reporter-output>
        </test-method> <!-- closeConfigParallelExe -->
      </class> <!-- ContactModuleWithPOP.ContactModuleTest -->
      <class name="OrganizationwithPropertyAndExcel.OrgModuleTest">
        <test-method is-config="true" signature="LaunchtheBrowser()[pri:0, instance:OrganizationwithPropertyAndExcel.OrgModuleTest@4c178a76]" started-at="2026-05-12T23:27:36 IST" name="LaunchtheBrowser" finished-at="2026-05-12T23:27:41 IST" duration-ms="4930" status="PASS">
          <reporter-output>
            <line>
              <![CDATA[Launching the browser]]>
            </line>
          </reporter-output>
        </test-method> <!-- LaunchtheBrowser -->
        <test-method is-config="true" signature="Login()[pri:0, instance:OrganizationwithPropertyAndExcel.OrgModuleTest@4c178a76]" started-at="2026-05-12T23:27:41 IST" name="Login" finished-at="2026-05-12T23:27:44 IST" duration-ms="2791" status="PASS">
          <reporter-output>
            <line>
              <![CDATA[logged into the application]]>
            </line>
          </reporter-output>
        </test-method> <!-- Login -->
        <test-method signature="CreateOrgwithIndustryAndType_test()[pri:0, instance:OrganizationwithPropertyAndExcel.OrgModuleTest@4c178a76]" started-at="2026-05-12T23:27:44 IST" name="CreateOrgwithIndustryAndType_test" finished-at="2026-05-12T23:28:21 IST" duration-ms="37386" status="PASS">
          <reporter-output>
            <line>
              <![CDATA[CreateOrgwithIndustryAndType_test: Test execution started]]>
            </line>
          </reporter-output>
        </test-method> <!-- CreateOrgwithIndustryAndType_test -->
        <test-method is-config="true" signature="Logout()[pri:0, instance:OrganizationwithPropertyAndExcel.OrgModuleTest@4c178a76]" started-at="2026-05-12T23:28:21 IST" name="Logout" finished-at="2026-05-12T23:28:27 IST" duration-ms="6299" status="PASS">
          <reporter-output>
            <line>
              <![CDATA[logged out into the application]]>
            </line>
          </reporter-output>
        </test-method> <!-- Logout -->
        <test-method is-config="true" signature="Login()[pri:0, instance:OrganizationwithPropertyAndExcel.OrgModuleTest@4c178a76]" started-at="2026-05-12T23:28:27 IST" name="Login" finished-at="2026-05-12T23:28:29 IST" duration-ms="1780" status="PASS">
          <reporter-output>
            <line>
              <![CDATA[logged into the application]]>
            </line>
          </reporter-output>
        </test-method> <!-- Login -->
        <test-method signature="OrgPhnum_test()[pri:0, instance:OrganizationwithPropertyAndExcel.OrgModuleTest@4c178a76]" started-at="2026-05-12T23:28:29 IST" name="OrgPhnum_test" finished-at="2026-05-12T23:28:59 IST" duration-ms="30235" status="PASS">
          <reporter-output>
            <line>
              <![CDATA[OrgPhnum_test: Test execution started]]>
            </line>
          </reporter-output>
        </test-method> <!-- OrgPhnum_test -->
        <test-method is-config="true" signature="Logout()[pri:0, instance:OrganizationwithPropertyAndExcel.OrgModuleTest@4c178a76]" started-at="2026-05-12T23:28:59 IST" name="Logout" finished-at="2026-05-12T23:29:07 IST" duration-ms="7830" status="PASS">
          <reporter-output>
            <line>
              <![CDATA[logged out into the application]]>
            </line>
          </reporter-output>
        </test-method> <!-- Logout -->
        <test-method is-config="true" signature="Login()[pri:0, instance:OrganizationwithPropertyAndExcel.OrgModuleTest@4c178a76]" started-at="2026-05-12T23:29:07 IST" name="Login" finished-at="2026-05-12T23:29:10 IST" duration-ms="2934" status="PASS">
          <reporter-output>
            <line>
              <![CDATA[logged into the application]]>
            </line>
          </reporter-output>
        </test-method> <!-- Login -->
        <test-method signature="orgname_test()[pri:0, instance:OrganizationwithPropertyAndExcel.OrgModuleTest@4c178a76]" started-at="2026-05-12T23:29:10 IST" name="orgname_test" finished-at="2026-05-12T23:29:36 IST" duration-ms="26124" status="PASS">
          <reporter-output>
            <line>
              <![CDATA[orgname_test: Test execution started]]>
            </line>
          </reporter-output>
        </test-method> <!-- orgname_test -->
        <test-method is-config="true" signature="Logout()[pri:0, instance:OrganizationwithPropertyAndExcel.OrgModuleTest@4c178a76]" started-at="2026-05-12T23:29:36 IST" name="Logout" finished-at="2026-05-12T23:29:41 IST" duration-ms="4980" status="PASS">
          <reporter-output>
            <line>
              <![CDATA[logged out into the application]]>
            </line>
          </reporter-output>
        </test-method> <!-- Logout -->
        <test-method is-config="true" signature="quitTheBrowser()[pri:0, instance:OrganizationwithPropertyAndExcel.OrgModuleTest@4c178a76]" started-at="2026-05-12T23:29:41 IST" name="quitTheBrowser" finished-at="2026-05-12T23:29:42 IST" duration-ms="689" status="PASS">
          <reporter-output>
            <line>
              <![CDATA[Quitting the browser]]>
            </line>
          </reporter-output>
        </test-method> <!-- quitTheBrowser -->
      </class> <!-- OrganizationwithPropertyAndExcel.OrgModuleTest -->
    </test> <!-- Test_Chrome -->
    <test started-at="2026-05-12T23:25:46 IST" name="Test_edge" finished-at="2026-05-12T23:29:43 IST" duration-ms="237190">
      <class name="OrganizationwithPropertyAndExcel.OrgModuleTest">
        <test-method is-config="true" signature="LaunchtheBrowser()[pri:0, instance:OrganizationwithPropertyAndExcel.OrgModuleTest@687e99d8]" started-at="2026-05-12T23:28:51 IST" name="LaunchtheBrowser" finished-at="2026-05-12T23:28:55 IST" duration-ms="3128" status="PASS">
          <reporter-output>
            <line>
              <![CDATA[Launching the browser]]>
            </line>
          </reporter-output>
        </test-method> <!-- LaunchtheBrowser -->
        <test-method is-config="true" signature="Login()[pri:0, instance:OrganizationwithPropertyAndExcel.OrgModuleTest@687e99d8]" started-at="2026-05-12T23:28:55 IST" name="Login" finished-at="2026-05-12T23:28:58 IST" duration-ms="3011" status="PASS">
          <reporter-output>
            <line>
              <![CDATA[logged into the application]]>
            </line>
          </reporter-output>
        </test-method> <!-- Login -->
        <test-method signature="CreateOrgwithIndustryAndType_test()[pri:0, instance:OrganizationwithPropertyAndExcel.OrgModuleTest@687e99d8]" started-at="2026-05-12T23:28:58 IST" name="CreateOrgwithIndustryAndType_test" finished-at="2026-05-12T23:29:32 IST" duration-ms="34273" status="PASS">
          <reporter-output>
            <line>
              <![CDATA[CreateOrgwithIndustryAndType_test: Test execution started]]>
            </line>
          </reporter-output>
        </test-method> <!-- CreateOrgwithIndustryAndType_test -->
        <test-method is-config="true" signature="Logout()[pri:0, instance:OrganizationwithPropertyAndExcel.OrgModuleTest@687e99d8]" started-at="2026-05-12T23:29:32 IST" name="Logout" finished-at="2026-05-12T23:29:43 IST" duration-ms="11004" status="PASS">
          <reporter-output>
            <line>
              <![CDATA[logged out into the application]]>
            </line>
          </reporter-output>
        </test-method> <!-- Logout -->
        <test-method is-config="true" signature="Login()[pri:0, instance:OrganizationwithPropertyAndExcel.OrgModuleTest@687e99d8]" started-at="2026-05-12T23:29:43 IST" name="Login" finished-at="2026-05-12T23:29:43 IST" duration-ms="541" status="FAIL">
          <exception class="org.openqa.selenium.WebDriverException">
            <message>
              <![CDATA[unknown error: failed to change window state to 'normal', current state is 'maximized'
  (Session info: chrome=148.0.7778.97)
Build info: version: '4.43.0', revision: 'dd0f534'
System info: os.name: 'Windows 10', os.arch: 'amd64', os.version: '10.0', java.version: '21.0.9'
Driver info: org.openqa.selenium.chrome.ChromeDriver
Command: [bd5ba903ac16e739767dddab096bcc38, maximizeCurrentWindow {}]
Capabilities {acceptInsecureCerts: false, browserName: chrome, browserVersion: 148.0.7778.97, chrome: {chromedriverVersion: 148.0.7778.97 (6b3fa66a923a..., userDataDir: C:\Users\USER\AppData\Local...}, fedcm:accounts: true, goog:chromeOptions: {debuggerAddress: localhost:50753}, goog:processID: 12360, networkConnectionEnabled: false, pageLoadStrategy: normal, platformName: windows, proxy: Proxy(), se:cdp: ws://localhost:50753/devtoo..., se:cdpVersion: 148.0.7778.97, setWindowRect: true, strictFileInteractability: false, timeouts: {implicit: 0, pageLoad: 300000, script: 30000}, unhandledPromptBehavior: dismiss and notify, webauthn:extension:credBlob: true, webauthn:extension:largeBlob: true, webauthn:extension:minPinLength: true, webauthn:extension:prf: true, webauthn:virtualAuthenticators: true}
Session ID: bd5ba903ac16e739767dddab096bcc38]]>
            </message>
            <full-stacktrace>
              <![CDATA[org.openqa.selenium.WebDriverException: unknown error: failed to change window state to 'normal', current state is 'maximized'
  (Session info: chrome=148.0.7778.97)
Build info: version: '4.43.0', revision: 'dd0f534'
System info: os.name: 'Windows 10', os.arch: 'amd64', os.version: '10.0', java.version: '21.0.9'
Driver info: org.openqa.selenium.chrome.ChromeDriver
Command: [bd5ba903ac16e739767dddab096bcc38, maximizeCurrentWindow {}]
Capabilities {acceptInsecureCerts: false, browserName: chrome, browserVersion: 148.0.7778.97, chrome: {chromedriverVersion: 148.0.7778.97 (6b3fa66a923a..., userDataDir: C:\Users\USER\AppData\Local...}, fedcm:accounts: true, goog:chromeOptions: {debuggerAddress: localhost:50753}, goog:processID: 12360, networkConnectionEnabled: false, pageLoadStrategy: normal, platformName: windows, proxy: Proxy(), se:cdp: ws://localhost:50753/devtoo..., se:cdpVersion: 148.0.7778.97, setWindowRect: true, strictFileInteractability: false, timeouts: {implicit: 0, pageLoad: 300000, script: 30000}, unhandledPromptBehavior: dismiss and notify, webauthn:extension:credBlob: true, webauthn:extension:largeBlob: true, webauthn:extension:minPinLength: true, webauthn:extension:prf: true, webauthn:virtualAuthenticators: true}
Session ID: bd5ba903ac16e739767dddab096bcc38
at org.openqa.selenium.remote.ErrorCodec.decode(ErrorCodec.java:169)
at org.openqa.selenium.remote.codec.w3c.W3CHttpResponseCodec.decode(W3CHttpResponseCodec.java:142)
at org.openqa.selenium.remote.codec.w3c.W3CHttpResponseCodec.decode(W3CHttpResponseCodec.java:49)
at org.openqa.selenium.remote.HttpCommandExecutor.execute(HttpCommandExecutor.java:223)
at org.openqa.selenium.remote.service.DriverCommandExecutor.invokeExecute(DriverCommandExecutor.java:216)
at org.openqa.selenium.remote.service.DriverCommandExecutor.execute(DriverCommandExecutor.java:174)
at org.openqa.selenium.remote.RemoteWebDriver.execute(RemoteWebDriver.java:606)
at org.openqa.selenium.remote.RemoteWebDriver.execute(RemoteWebDriver.java:688)
at org.openqa.selenium.remote.RemoteWebDriver.execute(RemoteWebDriver.java:692)
at org.openqa.selenium.remote.RemoteWebDriver$RemoteWebDriverOptions$RemoteWindow.maximize(RemoteWebDriver.java:1202)
at POPpages_GenericUtility.WebDriverUtility.MaximizeTheWindow(WebDriverUtility.java:88)
at BaseclassUtility.BaseClass.Login(BaseClass.java:76)
at java.base/jdk.internal.reflect.DirectMethodHandleAccessor.invoke(DirectMethodHandleAccessor.java:103)
at java.base/java.lang.reflect.Method.invoke(Method.java:580)
at org.testng.internal.invokers.MethodInvocationHelper.invokeMethod(MethodInvocationHelper.java:141)
at org.testng.internal.invokers.MethodInvocationHelper.invokeMethodConsideringTimeout(MethodInvocationHelper.java:71)
at org.testng.internal.invokers.ConfigInvoker.invokeConfigurationMethod(ConfigInvoker.java:400)
at org.testng.internal.invokers.ConfigInvoker.invokeConfigurations(ConfigInvoker.java:333)
at org.testng.internal.invokers.TestInvoker.runConfigMethods(TestInvoker.java:836)
at org.testng.internal.invokers.TestInvoker.invokeMethod(TestInvoker.java:601)
at org.testng.internal.invokers.TestInvoker.invokeTestMethod(TestInvoker.java:230)
at org.testng.internal.invokers.MethodRunner.runInSequence(MethodRunner.java:63)
at org.testng.internal.invokers.TestInvoker$MethodInvocationAgent.invoke(TestInvoker.java:995)
at org.testng.internal.invokers.TestInvoker.invokeTestMethods(TestInvoker.java:203)
at org.testng.internal.invokers.TestMethodWorker.invokeTestMethods(TestMethodWorker.java:154)
at org.testng.internal.invokers.TestMethodWorker.run(TestMethodWorker.java:134)
at java.base/java.util.ArrayList.forEach(ArrayList.java:1596)
at org.testng.TestRunner.privateRun(TestRunner.java:741)
at org.testng.TestRunner.run(TestRunner.java:616)
at org.testng.SuiteRunner.runTest(SuiteRunner.java:421)
at org.testng.SuiteRunner$SuiteWorker.run(SuiteRunner.java:463)
at org.testng.internal.thread.ThreadUtil.lambda$execute$0(ThreadUtil.java:64)
at java.base/java.util.concurrent.FutureTask.run(FutureTask.java:317)
at java.base/java.util.concurrent.ThreadPoolExecutor.runWorker(ThreadPoolExecutor.java:1144)
at java.base/java.util.concurrent.ThreadPoolExecutor$Worker.run(ThreadPoolExecutor.java:642)
at java.base/java.lang.Thread.run(Thread.java:1583)
]]>
            </full-stacktrace>
          </exception> <!-- org.openqa.selenium.WebDriverException -->
          <reporter-output>
          </reporter-output>
        </test-method> <!-- Login -->
        <test-method signature="OrgPhnum_test()[pri:0, instance:OrganizationwithPropertyAndExcel.OrgModuleTest@687e99d8]" started-at="2026-05-12T23:29:43 IST" name="OrgPhnum_test" finished-at="2026-05-12T23:29:43 IST" duration-ms="0" status="SKIP">
          <exception class="org.openqa.selenium.WebDriverException">
            <message>
              <![CDATA[unknown error: failed to change window state to 'normal', current state is 'maximized'
  (Session info: chrome=148.0.7778.97)
Build info: version: '4.43.0', revision: 'dd0f534'
System info: os.name: 'Windows 10', os.arch: 'amd64', os.version: '10.0', java.version: '21.0.9'
Driver info: org.openqa.selenium.chrome.ChromeDriver
Command: [bd5ba903ac16e739767dddab096bcc38, maximizeCurrentWindow {}]
Capabilities {acceptInsecureCerts: false, browserName: chrome, browserVersion: 148.0.7778.97, chrome: {chromedriverVersion: 148.0.7778.97 (6b3fa66a923a..., userDataDir: C:\Users\USER\AppData\Local...}, fedcm:accounts: true, goog:chromeOptions: {debuggerAddress: localhost:50753}, goog:processID: 12360, networkConnectionEnabled: false, pageLoadStrategy: normal, platformName: windows, proxy: Proxy(), se:cdp: ws://localhost:50753/devtoo..., se:cdpVersion: 148.0.7778.97, setWindowRect: true, strictFileInteractability: false, timeouts: {implicit: 0, pageLoad: 300000, script: 30000}, unhandledPromptBehavior: dismiss and notify, webauthn:extension:credBlob: true, webauthn:extension:largeBlob: true, webauthn:extension:minPinLength: true, webauthn:extension:prf: true, webauthn:virtualAuthenticators: true}
Session ID: bd5ba903ac16e739767dddab096bcc38]]>
            </message>
            <full-stacktrace>
              <![CDATA[org.openqa.selenium.WebDriverException: unknown error: failed to change window state to 'normal', current state is 'maximized'
  (Session info: chrome=148.0.7778.97)
Build info: version: '4.43.0', revision: 'dd0f534'
System info: os.name: 'Windows 10', os.arch: 'amd64', os.version: '10.0', java.version: '21.0.9'
Driver info: org.openqa.selenium.chrome.ChromeDriver
Command: [bd5ba903ac16e739767dddab096bcc38, maximizeCurrentWindow {}]
Capabilities {acceptInsecureCerts: false, browserName: chrome, browserVersion: 148.0.7778.97, chrome: {chromedriverVersion: 148.0.7778.97 (6b3fa66a923a..., userDataDir: C:\Users\USER\AppData\Local...}, fedcm:accounts: true, goog:chromeOptions: {debuggerAddress: localhost:50753}, goog:processID: 12360, networkConnectionEnabled: false, pageLoadStrategy: normal, platformName: windows, proxy: Proxy(), se:cdp: ws://localhost:50753/devtoo..., se:cdpVersion: 148.0.7778.97, setWindowRect: true, strictFileInteractability: false, timeouts: {implicit: 0, pageLoad: 300000, script: 30000}, unhandledPromptBehavior: dismiss and notify, webauthn:extension:credBlob: true, webauthn:extension:largeBlob: true, webauthn:extension:minPinLength: true, webauthn:extension:prf: true, webauthn:virtualAuthenticators: true}
Session ID: bd5ba903ac16e739767dddab096bcc38
at org.openqa.selenium.remote.ErrorCodec.decode(ErrorCodec.java:169)
at org.openqa.selenium.remote.codec.w3c.W3CHttpResponseCodec.decode(W3CHttpResponseCodec.java:142)
at org.openqa.selenium.remote.codec.w3c.W3CHttpResponseCodec.decode(W3CHttpResponseCodec.java:49)
at org.openqa.selenium.remote.HttpCommandExecutor.execute(HttpCommandExecutor.java:223)
at org.openqa.selenium.remote.service.DriverCommandExecutor.invokeExecute(DriverCommandExecutor.java:216)
at org.openqa.selenium.remote.service.DriverCommandExecutor.execute(DriverCommandExecutor.java:174)
at org.openqa.selenium.remote.RemoteWebDriver.execute(RemoteWebDriver.java:606)
at org.openqa.selenium.remote.RemoteWebDriver.execute(RemoteWebDriver.java:688)
at org.openqa.selenium.remote.RemoteWebDriver.execute(RemoteWebDriver.java:692)
at org.openqa.selenium.remote.RemoteWebDriver$RemoteWebDriverOptions$RemoteWindow.maximize(RemoteWebDriver.java:1202)
at POPpages_GenericUtility.WebDriverUtility.MaximizeTheWindow(WebDriverUtility.java:88)
at BaseclassUtility.BaseClass.Login(BaseClass.java:76)
at java.base/jdk.internal.reflect.DirectMethodHandleAccessor.invoke(DirectMethodHandleAccessor.java:103)
at java.base/java.lang.reflect.Method.invoke(Method.java:580)
at org.testng.internal.invokers.MethodInvocationHelper.invokeMethod(MethodInvocationHelper.java:141)
at org.testng.internal.invokers.MethodInvocationHelper.invokeMethodConsideringTimeout(MethodInvocationHelper.java:71)
at org.testng.internal.invokers.ConfigInvoker.invokeConfigurationMethod(ConfigInvoker.java:400)
at org.testng.internal.invokers.ConfigInvoker.invokeConfigurations(ConfigInvoker.java:333)
at org.testng.internal.invokers.TestInvoker.runConfigMethods(TestInvoker.java:836)
at org.testng.internal.invokers.TestInvoker.invokeMethod(TestInvoker.java:601)
at org.testng.internal.invokers.TestInvoker.invokeTestMethod(TestInvoker.java:230)
at org.testng.internal.invokers.MethodRunner.runInSequence(MethodRunner.java:63)
at org.testng.internal.invokers.TestInvoker$MethodInvocationAgent.invoke(TestInvoker.java:995)
at org.testng.internal.invokers.TestInvoker.invokeTestMethods(TestInvoker.java:203)
at org.testng.internal.invokers.TestMethodWorker.invokeTestMethods(TestMethodWorker.java:154)
at org.testng.internal.invokers.TestMethodWorker.run(TestMethodWorker.java:134)
at java.base/java.util.ArrayList.forEach(ArrayList.java:1596)
at org.testng.TestRunner.privateRun(TestRunner.java:741)
at org.testng.TestRunner.run(TestRunner.java:616)
at org.testng.SuiteRunner.runTest(SuiteRunner.java:421)
at org.testng.SuiteRunner$SuiteWorker.run(SuiteRunner.java:463)
at org.testng.internal.thread.ThreadUtil.lambda$execute$0(ThreadUtil.java:64)
at java.base/java.util.concurrent.FutureTask.run(FutureTask.java:317)
at java.base/java.util.concurrent.ThreadPoolExecutor.runWorker(ThreadPoolExecutor.java:1144)
at java.base/java.util.concurrent.ThreadPoolExecutor$Worker.run(ThreadPoolExecutor.java:642)
at java.base/java.lang.Thread.run(Thread.java:1583)
]]>
            </full-stacktrace>
          </exception> <!-- org.openqa.selenium.WebDriverException -->
          <reporter-output>
            <line>
              <![CDATA[orgname_test: Test execution started]]>
            </line>
          </reporter-output>
        </test-method> <!-- OrgPhnum_test -->
        <test-method is-config="true" signature="Logout()[pri:0, instance:OrganizationwithPropertyAndExcel.OrgModuleTest@687e99d8]" started-at="2026-05-12T23:29:43 IST" name="Logout" finished-at="2026-05-12T23:29:43 IST" duration-ms="0" status="SKIP">
          <reporter-output>
          </reporter-output>
        </test-method> <!-- Logout -->
        <test-method is-config="true" signature="Login()[pri:0, instance:OrganizationwithPropertyAndExcel.OrgModuleTest@687e99d8]" started-at="2026-05-12T23:29:43 IST" name="Login" finished-at="2026-05-12T23:29:43 IST" duration-ms="0" status="SKIP">
          <reporter-output>
          </reporter-output>
        </test-method> <!-- Login -->
        <test-method signature="orgname_test()[pri:0, instance:OrganizationwithPropertyAndExcel.OrgModuleTest@687e99d8]" started-at="2026-05-12T23:29:43 IST" name="orgname_test" finished-at="2026-05-12T23:29:43 IST" duration-ms="0" status="SKIP">
          <exception class="org.openqa.selenium.WebDriverException">
            <message>
              <![CDATA[unknown error: failed to change window state to 'normal', current state is 'maximized'
  (Session info: chrome=148.0.7778.97)
Build info: version: '4.43.0', revision: 'dd0f534'
System info: os.name: 'Windows 10', os.arch: 'amd64', os.version: '10.0', java.version: '21.0.9'
Driver info: org.openqa.selenium.chrome.ChromeDriver
Command: [bd5ba903ac16e739767dddab096bcc38, maximizeCurrentWindow {}]
Capabilities {acceptInsecureCerts: false, browserName: chrome, browserVersion: 148.0.7778.97, chrome: {chromedriverVersion: 148.0.7778.97 (6b3fa66a923a..., userDataDir: C:\Users\USER\AppData\Local...}, fedcm:accounts: true, goog:chromeOptions: {debuggerAddress: localhost:50753}, goog:processID: 12360, networkConnectionEnabled: false, pageLoadStrategy: normal, platformName: windows, proxy: Proxy(), se:cdp: ws://localhost:50753/devtoo..., se:cdpVersion: 148.0.7778.97, setWindowRect: true, strictFileInteractability: false, timeouts: {implicit: 0, pageLoad: 300000, script: 30000}, unhandledPromptBehavior: dismiss and notify, webauthn:extension:credBlob: true, webauthn:extension:largeBlob: true, webauthn:extension:minPinLength: true, webauthn:extension:prf: true, webauthn:virtualAuthenticators: true}
Session ID: bd5ba903ac16e739767dddab096bcc38]]>
            </message>
            <full-stacktrace>
              <![CDATA[org.openqa.selenium.WebDriverException: unknown error: failed to change window state to 'normal', current state is 'maximized'
  (Session info: chrome=148.0.7778.97)
Build info: version: '4.43.0', revision: 'dd0f534'
System info: os.name: 'Windows 10', os.arch: 'amd64', os.version: '10.0', java.version: '21.0.9'
Driver info: org.openqa.selenium.chrome.ChromeDriver
Command: [bd5ba903ac16e739767dddab096bcc38, maximizeCurrentWindow {}]
Capabilities {acceptInsecureCerts: false, browserName: chrome, browserVersion: 148.0.7778.97, chrome: {chromedriverVersion: 148.0.7778.97 (6b3fa66a923a..., userDataDir: C:\Users\USER\AppData\Local...}, fedcm:accounts: true, goog:chromeOptions: {debuggerAddress: localhost:50753}, goog:processID: 12360, networkConnectionEnabled: false, pageLoadStrategy: normal, platformName: windows, proxy: Proxy(), se:cdp: ws://localhost:50753/devtoo..., se:cdpVersion: 148.0.7778.97, setWindowRect: true, strictFileInteractability: false, timeouts: {implicit: 0, pageLoad: 300000, script: 30000}, unhandledPromptBehavior: dismiss and notify, webauthn:extension:credBlob: true, webauthn:extension:largeBlob: true, webauthn:extension:minPinLength: true, webauthn:extension:prf: true, webauthn:virtualAuthenticators: true}
Session ID: bd5ba903ac16e739767dddab096bcc38
at org.openqa.selenium.remote.ErrorCodec.decode(ErrorCodec.java:169)
at org.openqa.selenium.remote.codec.w3c.W3CHttpResponseCodec.decode(W3CHttpResponseCodec.java:142)
at org.openqa.selenium.remote.codec.w3c.W3CHttpResponseCodec.decode(W3CHttpResponseCodec.java:49)
at org.openqa.selenium.remote.HttpCommandExecutor.execute(HttpCommandExecutor.java:223)
at org.openqa.selenium.remote.service.DriverCommandExecutor.invokeExecute(DriverCommandExecutor.java:216)
at org.openqa.selenium.remote.service.DriverCommandExecutor.execute(DriverCommandExecutor.java:174)
at org.openqa.selenium.remote.RemoteWebDriver.execute(RemoteWebDriver.java:606)
at org.openqa.selenium.remote.RemoteWebDriver.execute(RemoteWebDriver.java:688)
at org.openqa.selenium.remote.RemoteWebDriver.execute(RemoteWebDriver.java:692)
at org.openqa.selenium.remote.RemoteWebDriver$RemoteWebDriverOptions$RemoteWindow.maximize(RemoteWebDriver.java:1202)
at POPpages_GenericUtility.WebDriverUtility.MaximizeTheWindow(WebDriverUtility.java:88)
at BaseclassUtility.BaseClass.Login(BaseClass.java:76)
at java.base/jdk.internal.reflect.DirectMethodHandleAccessor.invoke(DirectMethodHandleAccessor.java:103)
at java.base/java.lang.reflect.Method.invoke(Method.java:580)
at org.testng.internal.invokers.MethodInvocationHelper.invokeMethod(MethodInvocationHelper.java:141)
at org.testng.internal.invokers.MethodInvocationHelper.invokeMethodConsideringTimeout(MethodInvocationHelper.java:71)
at org.testng.internal.invokers.ConfigInvoker.invokeConfigurationMethod(ConfigInvoker.java:400)
at org.testng.internal.invokers.ConfigInvoker.invokeConfigurations(ConfigInvoker.java:333)
at org.testng.internal.invokers.TestInvoker.runConfigMethods(TestInvoker.java:836)
at org.testng.internal.invokers.TestInvoker.invokeMethod(TestInvoker.java:601)
at org.testng.internal.invokers.TestInvoker.invokeTestMethod(TestInvoker.java:230)
at org.testng.internal.invokers.MethodRunner.runInSequence(MethodRunner.java:63)
at org.testng.internal.invokers.TestInvoker$MethodInvocationAgent.invoke(TestInvoker.java:995)
at org.testng.internal.invokers.TestInvoker.invokeTestMethods(TestInvoker.java:203)
[...]
at java.base/java.util.concurrent.FutureTask.run(FutureTask.java:317)
at java.base/java.util.concurrent.ThreadPoolExecutor.runWorker(ThreadPoolExecutor.java:1144)
at java.base/java.util.concurrent.ThreadPoolExecutor$Worker.run(ThreadPoolExecutor.java:642)
at java.base/java.lang.Thread.run(Thread.java:1583)
]]>
            </full-stacktrace>
          </exception> <!-- org.openqa.selenium.WebDriverException -->
          <reporter-output>
          </reporter-output>
        </test-method> <!-- orgname_test -->
        <test-method is-config="true" signature="Logout()[pri:0, instance:OrganizationwithPropertyAndExcel.OrgModuleTest@687e99d8]" started-at="2026-05-12T23:29:43 IST" name="Logout" finished-at="2026-05-12T23:29:43 IST" duration-ms="0" status="SKIP">
          <reporter-output>
          </reporter-output>
        </test-method> <!-- Logout -->
        <test-method is-config="true" signature="quitTheBrowser()[pri:0, instance:OrganizationwithPropertyAndExcel.OrgModuleTest@687e99d8]" started-at="2026-05-12T23:29:43 IST" name="quitTheBrowser" finished-at="2026-05-12T23:29:43 IST" duration-ms="0" status="SKIP">
          <reporter-output>
          </reporter-output>
        </test-method> <!-- quitTheBrowser -->
      </class> <!-- OrganizationwithPropertyAndExcel.OrgModuleTest -->
      <class name="ContactModuleWithPOP.ContactModuleTest">
        <test-method is-config="true" signature="configParallelExe()[pri:0, instance:ContactModuleWithPOP.ContactModuleTest@757277dc]" started-at="2026-05-12T23:25:46 IST" name="configParallelExe" finished-at="2026-05-12T23:25:46 IST" duration-ms="1" status="PASS">
          <reporter-output>
            <line>
              <![CDATA[configure the parallel execution]]>
            </line>
          </reporter-output>
        </test-method> <!-- configParallelExe -->
        <test-method is-config="true" signature="LaunchtheBrowser()[pri:0, instance:ContactModuleWithPOP.ContactModuleTest@757277dc]" started-at="2026-05-12T23:25:46 IST" name="LaunchtheBrowser" finished-at="2026-05-12T23:25:51 IST" duration-ms="5125" status="PASS">
          <reporter-output>
            <line>
              <![CDATA[Launching the browser]]>
            </line>
          </reporter-output>
        </test-method> <!-- LaunchtheBrowser -->
        <test-method is-config="true" signature="Login()[pri:0, instance:ContactModuleWithPOP.ContactModuleTest@757277dc]" started-at="2026-05-12T23:25:51 IST" name="Login" finished-at="2026-05-12T23:26:04 IST" duration-ms="12794" status="PASS">
          <reporter-output>
            <line>
              <![CDATA[logged into the application]]>
            </line>
          </reporter-output>
        </test-method> <!-- Login -->
        <test-method signature="CreateContactwithOrg_test()[pri:0, instance:ContactModuleWithPOP.ContactModuleTest@757277dc]" started-at="2026-05-12T23:26:04 IST" name="CreateContactwithOrg_test" finished-at="2026-05-12T23:27:11 IST" duration-ms="66750" status="PASS">
          <reporter-output>
            <line>
              <![CDATA[CreateContactwithOrg_test: Test execution started]]>
            </line>
          </reporter-output>
        </test-method> <!-- CreateContactwithOrg_test -->
        <test-method is-config="true" signature="Logout()[pri:0, instance:ContactModuleWithPOP.ContactModuleTest@757277dc]" started-at="2026-05-12T23:27:11 IST" name="Logout" finished-at="2026-05-12T23:27:19 IST" duration-ms="8336" status="PASS">
          <reporter-output>
            <line>
              <![CDATA[logged out into the application]]>
            </line>
          </reporter-output>
        </test-method> <!-- Logout -->
        <test-method is-config="true" signature="Login()[pri:0, instance:ContactModuleWithPOP.ContactModuleTest@757277dc]" started-at="2026-05-12T23:27:19 IST" name="Login" finished-at="2026-05-12T23:27:25 IST" duration-ms="5760" status="PASS">
          <reporter-output>
            <line>
              <![CDATA[logged into the application]]>
            </line>
          </reporter-output>
        </test-method> <!-- Login -->
        <test-method signature="createConWithSuppodate_test()[pri:0, instance:ContactModuleWithPOP.ContactModuleTest@757277dc]" started-at="2026-05-12T23:27:25 IST" name="createConWithSuppodate_test" finished-at="2026-05-12T23:28:00 IST" duration-ms="34834" status="PASS">
          <reporter-output>
            <line>
              <![CDATA[createConWithSuppodate_test: Test execution started]]>
            </line>
          </reporter-output>
        </test-method> <!-- createConWithSuppodate_test -->
        <test-method is-config="true" signature="Logout()[pri:0, instance:ContactModuleWithPOP.ContactModuleTest@757277dc]" started-at="2026-05-12T23:28:00 IST" name="Logout" finished-at="2026-05-12T23:28:08 IST" duration-ms="8431" status="PASS">
          <reporter-output>
            <line>
              <![CDATA[logged out into the application]]>
            </line>
          </reporter-output>
        </test-method> <!-- Logout -->
        <test-method is-config="true" signature="Login()[pri:0, instance:ContactModuleWithPOP.ContactModuleTest@757277dc]" started-at="2026-05-12T23:28:08 IST" name="Login" finished-at="2026-05-12T23:28:16 IST" duration-ms="7088" status="PASS">
          <reporter-output>
            <line>
              <![CDATA[logged into the application]]>
            </line>
          </reporter-output>
        </test-method> <!-- Login -->
        <test-method signature="name_test()[pri:0, instance:ContactModuleWithPOP.ContactModuleTest@757277dc]" started-at="2026-05-12T23:28:16 IST" name="name_test" finished-at="2026-05-12T23:28:41 IST" duration-ms="25426" status="PASS">
          <reporter-output>
            <line>
              <![CDATA[name_test: Test execution started]]>
            </line>
          </reporter-output>
        </test-method> <!-- name_test -->
        <test-method is-config="true" signature="Logout()[pri:0, instance:ContactModuleWithPOP.ContactModuleTest@757277dc]" started-at="2026-05-12T23:28:41 IST" name="Logout" finished-at="2026-05-12T23:28:48 IST" duration-ms="7045" status="PASS">
          <reporter-output>
            <line>
              <![CDATA[logged out into the application]]>
            </line>
          </reporter-output>
        </test-method> <!-- Logout -->
        <test-method is-config="true" signature="quitTheBrowser()[pri:0, instance:ContactModuleWithPOP.ContactModuleTest@757277dc]" started-at="2026-05-12T23:28:48 IST" name="quitTheBrowser" finished-at="2026-05-12T23:28:51 IST" duration-ms="3520" status="PASS">
          <reporter-output>
            <line>
              <![CDATA[Quitting the browser]]>
            </line>
          </reporter-output>
        </test-method> <!-- quitTheBrowser -->
        <test-method is-config="true" signature="closeConfigParallelExe()[pri:0, instance:ContactModuleWithPOP.ContactModuleTest@757277dc]" started-at="2026-05-12T23:29:43 IST" name="closeConfigParallelExe" finished-at="2026-05-12T23:29:43 IST" duration-ms="1" status="PASS">
          <reporter-output>
            <line>
              <![CDATA[configure the parallel execution]]>
            </line>
          </reporter-output>
        </test-method> <!-- closeConfigParallelExe -->
      </class> <!-- ContactModuleWithPOP.ContactModuleTest -->
    </test> <!-- Test_edge -->
    <test started-at="2026-05-12T23:25:46 IST" name="Test_firefox" finished-at="2026-05-12T23:30:14 IST" duration-ms="267278">
      <class name="OrganizationwithPropertyAndExcel.OrgModuleTest">
        <test-method is-config="true" signature="LaunchtheBrowser()[pri:0, instance:OrganizationwithPropertyAndExcel.OrgModuleTest@c86b9e3]" started-at="2026-05-12T23:29:06 IST" name="LaunchtheBrowser" finished-at="2026-05-12T23:29:09 IST" duration-ms="3484" status="PASS">
          <reporter-output>
            <line>
              <![CDATA[Launching the browser]]>
            </line>
          </reporter-output>
        </test-method> <!-- LaunchtheBrowser -->
        <test-method is-config="true" signature="Login()[pri:0, instance:OrganizationwithPropertyAndExcel.OrgModuleTest@c86b9e3]" started-at="2026-05-12T23:29:09 IST" name="Login" finished-at="2026-05-12T23:29:15 IST" duration-ms="5945" status="PASS">
          <reporter-output>
            <line>
              <![CDATA[logged into the application]]>
            </line>
          </reporter-output>
        </test-method> <!-- Login -->
        <test-method signature="CreateOrgwithIndustryAndType_test()[pri:0, instance:OrganizationwithPropertyAndExcel.OrgModuleTest@c86b9e3]" started-at="2026-05-12T23:29:15 IST" name="CreateOrgwithIndustryAndType_test" finished-at="2026-05-12T23:29:36 IST" duration-ms="20436" status="PASS">
          <reporter-output>
            <line>
              <![CDATA[CreateOrgwithIndustryAndType_test: Test execution started]]>
            </line>
          </reporter-output>
        </test-method> <!-- CreateOrgwithIndustryAndType_test -->
        <test-method is-config="true" signature="Logout()[pri:0, instance:OrganizationwithPropertyAndExcel.OrgModuleTest@c86b9e3]" started-at="2026-05-12T23:29:36 IST" name="Logout" finished-at="2026-05-12T23:29:41 IST" duration-ms="5290" status="PASS">
          <reporter-output>
            <line>
              <![CDATA[logged out into the application]]>
            </line>
          </reporter-output>
        </test-method> <!-- Logout -->
        <test-method is-config="true" signature="Login()[pri:0, instance:OrganizationwithPropertyAndExcel.OrgModuleTest@c86b9e3]" started-at="2026-05-12T23:29:41 IST" name="Login" finished-at="2026-05-12T23:29:45 IST" duration-ms="3984" status="PASS">
          <reporter-output>
            <line>
              <![CDATA[logged into the application]]>
            </line>
          </reporter-output>
        </test-method> <!-- Login -->
        <test-method signature="OrgPhnum_test()[pri:0, instance:OrganizationwithPropertyAndExcel.OrgModuleTest@c86b9e3]" started-at="2026-05-12T23:29:45 IST" name="OrgPhnum_test" finished-at="2026-05-12T23:29:57 IST" duration-ms="11512" status="PASS">
          <reporter-output>
            <line>
              <![CDATA[OrgPhnum_test: Test execution started]]>
            </line>
          </reporter-output>
        </test-method> <!-- OrgPhnum_test -->
        <test-method is-config="true" signature="Logout()[pri:0, instance:OrganizationwithPropertyAndExcel.OrgModuleTest@c86b9e3]" started-at="2026-05-12T23:29:57 IST" name="Logout" finished-at="2026-05-12T23:29:58 IST" duration-ms="1736" status="PASS">
          <reporter-output>
            <line>
              <![CDATA[logged out into the application]]>
            </line>
          </reporter-output>
        </test-method> <!-- Logout -->
        <test-method is-config="true" signature="Login()[pri:0, instance:OrganizationwithPropertyAndExcel.OrgModuleTest@c86b9e3]" started-at="2026-05-12T23:29:58 IST" name="Login" finished-at="2026-05-12T23:30:00 IST" duration-ms="1909" status="PASS">
          <reporter-output>
            <line>
              <![CDATA[logged into the application]]>
            </line>
          </reporter-output>
        </test-method> <!-- Login -->
        <test-method signature="orgname_test()[pri:0, instance:OrganizationwithPropertyAndExcel.OrgModuleTest@c86b9e3]" started-at="2026-05-12T23:30:00 IST" name="orgname_test" finished-at="2026-05-12T23:30:10 IST" duration-ms="10242" status="PASS">
          <reporter-output>
            <line>
              <![CDATA[orgname_test: Test execution started]]>
            </line>
          </reporter-output>
        </test-method> <!-- orgname_test -->
        <test-method is-config="true" signature="Logout()[pri:0, instance:OrganizationwithPropertyAndExcel.OrgModuleTest@c86b9e3]" started-at="2026-05-12T23:30:11 IST" name="Logout" finished-at="2026-05-12T23:30:13 IST" duration-ms="2721" status="PASS">
          <reporter-output>
            <line>
              <![CDATA[logged out into the application]]>
            </line>
          </reporter-output>
        </test-method> <!-- Logout -->
        <test-method is-config="true" signature="quitTheBrowser()[pri:0, instance:OrganizationwithPropertyAndExcel.OrgModuleTest@c86b9e3]" started-at="2026-05-12T23:30:13 IST" name="quitTheBrowser" finished-at="2026-05-12T23:30:14 IST" duration-ms="344" status="PASS">
          <reporter-output>
            <line>
              <![CDATA[Quitting the browser]]>
            </line>
          </reporter-output>
        </test-method> <!-- quitTheBrowser -->
      </class> <!-- OrganizationwithPropertyAndExcel.OrgModuleTest -->
      <class name="ContactModuleWithPOP.ContactModuleTest">
        <test-method is-config="true" signature="connectToDB()[pri:0, instance:ContactModuleWithPOP.ContactModuleTest@6aaceffd]" started-at="2026-05-12T23:25:45 IST" name="connectToDB" finished-at="2026-05-12T23:25:46 IST" duration-ms="1092" status="PASS">
          <reporter-output>
            <line>
              <![CDATA[Connected to DB]]>
            </line>
          </reporter-output>
        </test-method> <!-- connectToDB -->
        <test-method is-config="true" signature="configParallelExe()[pri:0, instance:ContactModuleWithPOP.ContactModuleTest@6aaceffd]" started-at="2026-05-12T23:25:46 IST" name="configParallelExe" finished-at="2026-05-12T23:25:46 IST" duration-ms="1" status="PASS">
          <reporter-output>
            <line>
              <![CDATA[configure the parallel execution]]>
            </line>
          </reporter-output>
        </test-method> <!-- configParallelExe -->
        <test-method is-config="true" signature="LaunchtheBrowser()[pri:0, instance:ContactModuleWithPOP.ContactModuleTest@6aaceffd]" started-at="2026-05-12T23:25:46 IST" name="LaunchtheBrowser" finished-at="2026-05-12T23:25:52 IST" duration-ms="5177" status="PASS">
          <reporter-output>
            <line>
              <![CDATA[Launching the browser]]>
            </line>
          </reporter-output>
        </test-method> <!-- LaunchtheBrowser -->
        <test-method is-config="true" signature="Login()[pri:0, instance:ContactModuleWithPOP.ContactModuleTest@6aaceffd]" started-at="2026-05-12T23:25:52 IST" name="Login" finished-at="2026-05-12T23:25:58 IST" duration-ms="6896" status="PASS">
          <reporter-output>
            <line>
              <![CDATA[logged into the application]]>
            </line>
          </reporter-output>
        </test-method> <!-- Login -->
        <test-method signature="CreateContactwithOrg_test()[pri:0, instance:ContactModuleWithPOP.ContactModuleTest@6aaceffd]" started-at="2026-05-12T23:25:58 IST" name="CreateContactwithOrg_test" finished-at="2026-05-12T23:27:10 IST" duration-ms="71860" status="PASS">
          <reporter-output>
            <line>
              <![CDATA[CreateContactwithOrg_test: Test execution started]]>
            </line>
          </reporter-output>
        </test-method> <!-- CreateContactwithOrg_test -->
        <test-method is-config="true" signature="Logout()[pri:0, instance:ContactModuleWithPOP.ContactModuleTest@6aaceffd]" started-at="2026-05-12T23:27:10 IST" name="Logout" finished-at="2026-05-12T23:27:18 IST" duration-ms="7396" status="PASS">
          <reporter-output>
            <line>
              <![CDATA[logged out into the application]]>
            </line>
          </reporter-output>
        </test-method> <!-- Logout -->
        <test-method is-config="true" signature="Login()[pri:0, instance:ContactModuleWithPOP.ContactModuleTest@6aaceffd]" started-at="2026-05-12T23:27:18 IST" name="Login" finished-at="2026-05-12T23:27:19 IST" duration-ms="1285" status="PASS">
          <reporter-output>
            <line>
              <![CDATA[logged into the application]]>
            </line>
          </reporter-output>
        </test-method> <!-- Login -->
        <test-method signature="createConWithSuppodate_test()[pri:0, instance:ContactModuleWithPOP.ContactModuleTest@6aaceffd]" started-at="2026-05-12T23:27:19 IST" name="createConWithSuppodate_test" finished-at="2026-05-12T23:27:59 IST" duration-ms="39748" status="PASS">
          <reporter-output>
            <line>
              <![CDATA[createConWithSuppodate_test: Test execution started]]>
            </line>
          </reporter-output>
        </test-method> <!-- createConWithSuppodate_test -->
        <test-method is-config="true" signature="Logout()[pri:0, instance:ContactModuleWithPOP.ContactModuleTest@6aaceffd]" started-at="2026-05-12T23:27:59 IST" name="Logout" finished-at="2026-05-12T23:28:09 IST" duration-ms="10367" status="PASS">
          <reporter-output>
            <line>
              <![CDATA[logged out into the application]]>
            </line>
          </reporter-output>
        </test-method> <!-- Logout -->
        <test-method is-config="true" signature="Login()[pri:0, instance:ContactModuleWithPOP.ContactModuleTest@6aaceffd]" started-at="2026-05-12T23:28:09 IST" name="Login" finished-at="2026-05-12T23:28:15 IST" duration-ms="6204" status="PASS">
          <reporter-output>
            <line>
              <![CDATA[logged into the application]]>
            </line>
          </reporter-output>
        </test-method> <!-- Login -->
        <test-method signature="name_test()[pri:0, instance:ContactModuleWithPOP.ContactModuleTest@6aaceffd]" started-at="2026-05-12T23:28:15 IST" name="name_test" finished-at="2026-05-12T23:28:40 IST" duration-ms="25019" status="PASS">
          <reporter-output>
            <line>
              <![CDATA[name_test: Test execution started]]>
            </line>
          </reporter-output>
        </test-method> <!-- name_test -->
        <test-method is-config="true" signature="Logout()[pri:0, instance:ContactModuleWithPOP.ContactModuleTest@6aaceffd]" started-at="2026-05-12T23:28:40 IST" name="Logout" finished-at="2026-05-12T23:28:47 IST" duration-ms="6660" status="PASS">
          <reporter-output>
            <line>
              <![CDATA[logged out into the application]]>
            </line>
          </reporter-output>
        </test-method> <!-- Logout -->
        <test-method is-config="true" signature="quitTheBrowser()[pri:0, instance:ContactModuleWithPOP.ContactModuleTest@6aaceffd]" started-at="2026-05-12T23:28:47 IST" name="quitTheBrowser" finished-at="2026-05-12T23:29:06 IST" duration-ms="18924" status="PASS">
          <reporter-output>
            <line>
              <![CDATA[Quitting the browser]]>
            </line>
          </reporter-output>
        </test-method> <!-- quitTheBrowser -->
        <test-method is-config="true" signature="closeConfigParallelExe()[pri:0, instance:ContactModuleWithPOP.ContactModuleTest@6aaceffd]" started-at="2026-05-12T23:30:14 IST" name="closeConfigParallelExe" finished-at="2026-05-12T23:30:14 IST" duration-ms="0" status="PASS">
          <reporter-output>
            <line>
              <![CDATA[configure the parallel execution]]>
            </line>
          </reporter-output>
        </test-method> <!-- closeConfigParallelExe -->
        <test-method is-config="true" signature="dissconnectTheDB()[pri:0, instance:ContactModuleWithPOP.ContactModuleTest@6aaceffd]" started-at="2026-05-12T23:30:14 IST" name="dissconnectTheDB" finished-at="2026-05-12T23:30:14 IST" duration-ms="5" status="PASS">
          <reporter-output>
          </reporter-output>
        </test-method> <!-- dissconnectTheDB -->
      </class> <!-- ContactModuleWithPOP.ContactModuleTest -->
    </test> <!-- Test_firefox -->
  </suite> <!-- Suite -->
</testng-results>
