<?xml version="1.0" encoding="UTF-8"?>
<testng-results ignored="2" total="3" passed="1" failed="0" skipped="0">
  <reporter-output>
    <line>
      <![CDATA[Suite executionstart with adv-report configuration]]>
    </line>
    <line>
      <![CDATA[Connected to DB]]>
    </line>
    <line>
      <![CDATA[configure the parallel execution]]>
    </line>
    <line>
      <![CDATA[Launching the browser]]>
    </line>
    <line>
      <![CDATA[logged into the application]]>
    </line>
    <line>
      <![CDATA[orgname_test: Test execution started]]>
    </line>
    <line>
      <![CDATA[logged out into the application]]>
    </line>
    <line>
      <![CDATA[Quitting the browser]]>
    </line>
    <line>
      <![CDATA[configure the parallel execution]]>
    </line>
  </reporter-output>
  <suite started-at="2026-05-15T19:18:50 IST" name="Default suite" finished-at="2026-05-15T19:19:20 IST" duration-ms="30106">
    <groups>
      <group name="smoke">
        <method signature="OrgModuleTest.orgname_test()[pri:0, instance:OrganizationwithPropertyAndExcel.OrgModuleTest@b2c9a9c]" name="orgname_test" class="OrganizationwithPropertyAndExcel.OrgModuleTest"/>
      </group> <!-- smoke -->
    </groups>
    <test started-at="2026-05-15T19:18:50 IST" name="Default test" finished-at="2026-05-15T19:19:20 IST" duration-ms="30106">
      <class name="OrganizationwithPropertyAndExcel.OrgModuleTest">
        <test-method is-config="true" signature="connectToDB()[pri:0, instance:OrganizationwithPropertyAndExcel.OrgModuleTest@b2c9a9c]" started-at="2026-05-15T19:18:49 IST" name="connectToDB" finished-at="2026-05-15T19:18:50 IST" duration-ms="1743" status="PASS">
          <reporter-output>
            <line>
              <![CDATA[Connected to DB]]>
            </line>
          </reporter-output>
        </test-method> <!-- connectToDB -->
        <test-method is-config="true" signature="configParallelExe()[pri:0, instance:OrganizationwithPropertyAndExcel.OrgModuleTest@b2c9a9c]" started-at="2026-05-15T19:18:50 IST" name="configParallelExe" finished-at="2026-05-15T19:18:50 IST" duration-ms="2" status="PASS">
          <reporter-output>
            <line>
              <![CDATA[configure the parallel execution]]>
            </line>
          </reporter-output>
        </test-method> <!-- configParallelExe -->
        <test-method is-config="true" signature="LaunchtheBrowser()[pri:0, instance:OrganizationwithPropertyAndExcel.OrgModuleTest@b2c9a9c]" started-at="2026-05-15T19:18:50 IST" name="LaunchtheBrowser" finished-at="2026-05-15T19:18:57 IST" duration-ms="6692" status="PASS">
          <reporter-output>
            <line>
              <![CDATA[Launching the browser]]>
            </line>
          </reporter-output>
        </test-method> <!-- LaunchtheBrowser -->
        <test-method is-config="true" signature="Login()[pri:0, instance:OrganizationwithPropertyAndExcel.OrgModuleTest@b2c9a9c]" started-at="2026-05-15T19:18:57 IST" name="Login" finished-at="2026-05-15T19:19:01 IST" duration-ms="3968" status="PASS">
          <reporter-output>
            <line>
              <![CDATA[logged into the application]]>
            </line>
          </reporter-output>
        </test-method> <!-- Login -->
        <test-method signature="orgname_test()[pri:0, instance:OrganizationwithPropertyAndExcel.OrgModuleTest@b2c9a9c]" started-at="2026-05-15T19:19:01 IST" name="orgname_test" finished-at="2026-05-15T19:19:16 IST" duration-ms="15128" status="PASS">
          <reporter-output>
            <line>
              <![CDATA[orgname_test: Test execution started]]>
            </line>
          </reporter-output>
        </test-method> <!-- orgname_test -->
        <test-method is-config="true" signature="Logout()[pri:0, instance:OrganizationwithPropertyAndExcel.OrgModuleTest@b2c9a9c]" started-at="2026-05-15T19:19:16 IST" name="Logout" finished-at="2026-05-15T19:19:20 IST" duration-ms="3818" status="PASS">
          <reporter-output>
            <line>
              <![CDATA[logged out into the application]]>
            </line>
          </reporter-output>
        </test-method> <!-- Logout -->
        <test-method is-config="true" signature="quitTheBrowser()[pri:0, instance:OrganizationwithPropertyAndExcel.OrgModuleTest@b2c9a9c]" started-at="2026-05-15T19:19:20 IST" name="quitTheBrowser" finished-at="2026-05-15T19:19:20 IST" duration-ms="385" status="PASS">
          <reporter-output>
            <line>
              <![CDATA[Quitting the browser]]>
            </line>
          </reporter-output>
        </test-method> <!-- quitTheBrowser -->
        <test-method is-config="true" signature="closeConfigParallelExe()[pri:0, instance:OrganizationwithPropertyAndExcel.OrgModuleTest@b2c9a9c]" started-at="2026-05-15T19:19:20 IST" name="closeConfigParallelExe" finished-at="2026-05-15T19:19:20 IST" duration-ms="0" status="PASS">
          <reporter-output>
            <line>
              <![CDATA[configure the parallel execution]]>
            </line>
          </reporter-output>
        </test-method> <!-- closeConfigParallelExe -->
        <test-method is-config="true" signature="dissconnectTheDB()[pri:0, instance:OrganizationwithPropertyAndExcel.OrgModuleTest@b2c9a9c]" started-at="2026-05-15T19:19:20 IST" name="dissconnectTheDB" finished-at="2026-05-15T19:19:20 IST" duration-ms="4" status="PASS">
          <reporter-output>
          </reporter-output>
        </test-method> <!-- dissconnectTheDB -->
      </class> <!-- OrganizationwithPropertyAndExcel.OrgModuleTest -->
    </test> <!-- Default test -->
  </suite> <!-- Default suite -->
</testng-results>
