<?xml version="1.0" encoding="UTF-8"?>
<!-- Generated by org.testng.reporters.JUnitReportReporter -->
<testsuite hostname="DESKTOP-0P43UTC" failures="0" tests="1" name="ContactModuleWithPOP.Contact_orgnameWithPropAndExcel_test" time="43.408" errors="0" timestamp="2026-04-29T22:13:08 IST" skipped="0">
  <testcase classname="ContactModuleWithPOP.Contact_orgnameWithPropAndExcel_test" name="CreateContactwithOrg_test" time="43.408"/>
</testsuite> <!-- ContactModuleWithPOP.Contact_orgnameWithPropAndExcel_test -->
