<?xml version="1.0" encoding="UTF-8"?>
<!-- Generated by org.testng.reporters.JUnitReportReporter -->
<testsuite hostname="DESKTOP-0P43UTC" failures="0" tests="1" name="OrganizationwithPropertyAndExcel.Organization_NamewithPropandExcel_test" time="24.414" errors="0" timestamp="2026-04-27T23:35:20 IST" skipped="0">
  <testcase classname="OrganizationwithPropertyAndExcel.Organization_NamewithPropandExcel_test" name="orgname_test" time="24.414"/>
</testsuite> <!-- OrganizationwithPropertyAndExcel.Organization_NamewithPropandExcel_test -->
