<?xml version="1.0" encoding="UTF-8"?>
<!-- Generated by org.testng.reporters.JUnitReportReporter -->
<testsuite hostname="DESKTOP-0P43UTC" failures="0" tests="1" name="OrganizationwithPropertyAndExcel.OrgModuleTest" time="22.914" errors="0" timestamp="2026-05-15T19:19:21 IST" skipped="0">
  <testcase classname="OrganizationwithPropertyAndExcel.OrgModuleTest" name="orgname_test" time="22.914">
    <system-out>
      <![CDATA[orgname_test: Test execution started]]>
    </system-out>
  </testcase> <!-- orgname_test -->
  <system-out>
    <![CDATA[Suite executionstart with adv-report configuration
Connected to DB
configure the parallel execution
Launching the browser
logged into the application
orgname_test: Test execution started
logged out into the application
Quitting the browser
configure the parallel execution]]>
  </system-out>
</testsuite> <!-- OrganizationwithPropertyAndExcel.OrgModuleTest -->
