<?xml version="1.0" encoding="UTF-8"?>
<!-- Generated by org.testng.reporters.JUnitReportReporter -->
<testsuite hostname="DESKTOP-0P43UTC" failures="0" tests="3" name="ContactModuleWithPOP.ContactModuleTest" time="65.156" errors="0" timestamp="2026-05-15T19:02:46 IST" skipped="0">
  <testcase classname="ContactModuleWithPOP.ContactModuleTest" name="CreateContactwithOrg_test" time="29.024">
    <system-out>
      <![CDATA[CreateContactwithOrg_test: Test execution started]]>
    </system-out>
  </testcase> <!-- CreateContactwithOrg_test -->
  <testcase classname="ContactModuleWithPOP.ContactModuleTest" name="createConWithSuppodate_test" time="18.992">
    <system-out>
      <![CDATA[createConWithSuppodate_test: Test execution started]]>
    </system-out>
  </testcase> <!-- createConWithSuppodate_test -->
  <testcase classname="ContactModuleWithPOP.ContactModuleTest" name="name_test" time="17.140">
    <system-out>
      <![CDATA[name_test: Test execution started]]>
    </system-out>
  </testcase> <!-- name_test -->
  <system-out>
    <![CDATA[Suite executionstart with adv-report configuration
Connected to DB
configure the parallel execution
Launching the browser
logged into the application
CreateContactwithOrg_test: Test execution started
logged out into the application
logged into the application
createConWithSuppodate_test: Test execution started
logged out into the application
logged into the application
name_test: Test execution started
logged out into the application
Quitting the browser
configure the parallel execution]]>
  </system-out>
</testsuite> <!-- ContactModuleWithPOP.ContactModuleTest -->
