<?xml version="1.0" encoding="UTF-8"?>
<!-- Generated by org.testng.reporters.JUnitReportReporter -->
<testsuite hostname="DESKTOP-0P43UTC" failures="0" tests="1" name="ContactModuleWithPropertyandExcel.Contact_NameUsingProptest" time="40.797" errors="0" timestamp="2026-04-28T21:18:25 IST" skipped="0">
  <testcase classname="ContactModuleWithPropertyandExcel.Contact_NameUsingProptest" name="name_test" time="40.797"/>
</testsuite> <!-- ContactModuleWithPropertyandExcel.Contact_NameUsingProptest -->
