<?xml version="1.0" encoding="UTF-8"?>
<!-- Generated by org.testng.reporters.JUnitReportReporter -->
<testsuite hostname="DESKTOP-0P43UTC" failures="0" tests="1" name="ContactModuleWithPropertyandExcel.ContactwithsupportDatesTest" time="34.555" errors="0" timestamp="2026-04-28T23:01:26 IST" skipped="0">
  <testcase classname="ContactModuleWithPropertyandExcel.ContactwithsupportDatesTest" name="createConWithSuppodate_test" time="34.555"/>
</testsuite> <!-- ContactModuleWithPropertyandExcel.ContactwithsupportDatesTest -->
