<?xml version="1.0" encoding="UTF-8"?>
<!-- Generated by org.testng.reporters.JUnitReportReporter -->
<testsuite hostname="DESKTOP-0P43UTC" failures="0" tests="10" name="OrganizationwithPropertyAndExcel.OrgModuleTest" time="232.963" errors="1" timestamp="2026-05-12T23:30:15 IST" skipped="2">
  <testcase classname="OrganizationwithPropertyAndExcel.OrgModuleTest" name="CreateOrgwithIndustryAndType_test" time="48.288">
    <system-out>
      <![CDATA[CreateOrgwithIndustryAndType_test: Test execution started]]>
    </system-out>
  </testcase> <!-- CreateOrgwithIndustryAndType_test -->
  <testcase classname="OrganizationwithPropertyAndExcel.OrgModuleTest" name="orgname_test" time="0.000">
    <skipped/>
  </testcase> <!-- orgname_test -->
  <testcase classname="OrganizationwithPropertyAndExcel.OrgModuleTest" name="Login" time="0.541">
    <error message="unknown error: failed to change window state to &#039;normal&#039;, current state is &#039;maximized&#039;
  (Session info: chrome=148.0.7778.97)
Build info: version: &#039;4.43.0&#039;, revision: &#039;dd0f534&#039;
System info: os.name: &#039;Windows 10&#039;, os.arch: &#039;amd64&#039;, os.version: &#039;10.0&#039;, java.version: &#039;21.0.9&#039;
Driver info: org.openqa.selenium.chrome.ChromeDriver
Command: [bd5ba903ac16e739767dddab096bcc38, maximizeCurrentWindow {}]
Capabilities {acceptInsecureCerts: false, browserName: chrome, browserVersion: 148.0.7778.97, chrome: {chromedriverVersion: 148.0.7778.97 (6b3fa66a923a..., userDataDir: C:\Users\USER\AppData\Local...}, fedcm:accounts: true, goog:chromeOptions: {debuggerAddress: localhost:50753}, goog:processID: 12360, networkConnectionEnabled: false, pageLoadStrategy: normal, platformName: windows, proxy: Proxy(), se:cdp: ws://localhost:50753/devtoo..., se:cdpVersion: 148.0.7778.97, setWindowRect: true, strictFileInteractability: false, timeouts: {implicit: 0, pageLoad: 300000, script: 30000}, unhandledPromptBehavior: dismiss and notify, webauthn:extension:credBlob: true, webauthn:extension:largeBlob: true, webauthn:extension:minPinLength: true, webauthn:extension:prf: true, webauthn:virtualAuthenticators: true}
Session ID: bd5ba903ac16e739767dddab096bcc38" type="org.openqa.selenium.WebDriverException">
      <![CDATA[org.openqa.selenium.WebDriverException: unknown error: failed to change window state to 'normal', current state is 'maximized'
  (Session info: chrome=148.0.7778.97)
Build info: version: '4.43.0', revision: 'dd0f534'
System info: os.name: 'Windows 10', os.arch: 'amd64', os.version: '10.0', java.version: '21.0.9'
Driver info: org.openqa.selenium.chrome.ChromeDriver
Command: [bd5ba903ac16e739767dddab096bcc38, maximizeCurrentWindow {}]
Capabilities {acceptInsecureCerts: false, browserName: chrome, browserVersion: 148.0.7778.97, chrome: {chromedriverVersion: 148.0.7778.97 (6b3fa66a923a..., userDataDir: C:\Users\USER\AppData\Local...}, fedcm:accounts: true, goog:chromeOptions: {debuggerAddress: localhost:50753}, goog:processID: 12360, networkConnectionEnabled: false, pageLoadStrategy: normal, platformName: windows, proxy: Proxy(), se:cdp: ws://localhost:50753/devtoo..., se:cdpVersion: 148.0.7778.97, setWindowRect: true, strictFileInteractability: false, timeouts: {implicit: 0, pageLoad: 300000, script: 30000}, unhandledPromptBehavior: dismiss and notify, webauthn:extension:credBlob: true, webauthn:extension:largeBlob: true, webauthn:extension:minPinLength: true, webauthn:extension:prf: true, webauthn:virtualAuthenticators: true}
Session ID: bd5ba903ac16e739767dddab096bcc38
at org.openqa.selenium.remote.ErrorCodec.decode(ErrorCodec.java:169)
at org.openqa.selenium.remote.codec.w3c.W3CHttpResponseCodec.decode(W3CHttpResponseCodec.java:142)
at org.openqa.selenium.remote.codec.w3c.W3CHttpResponseCodec.decode(W3CHttpResponseCodec.java:49)
at org.openqa.selenium.remote.HttpCommandExecutor.execute(HttpCommandExecutor.java:223)
at org.openqa.selenium.remote.service.DriverCommandExecutor.invokeExecute(DriverCommandExecutor.java:216)
at org.openqa.selenium.remote.service.DriverCommandExecutor.execute(DriverCommandExecutor.java:174)
at org.openqa.selenium.remote.RemoteWebDriver.execute(RemoteWebDriver.java:606)
at org.openqa.selenium.remote.RemoteWebDriver.execute(RemoteWebDriver.java:688)
at org.openqa.selenium.remote.RemoteWebDriver.execute(RemoteWebDriver.java:692)
at org.openqa.selenium.remote.RemoteWebDriver$RemoteWebDriverOptions$RemoteWindow.maximize(RemoteWebDriver.java:1202)
at POPpages_GenericUtility.WebDriverUtility.MaximizeTheWindow(WebDriverUtility.java:88)
at BaseclassUtility.BaseClass.Login(BaseClass.java:76)
at java.base/jdk.internal.reflect.DirectMethodHandleAccessor.invoke(DirectMethodHandleAccessor.java:103)
at java.base/java.lang.reflect.Method.invoke(Method.java:580)
at org.testng.internal.invokers.MethodInvocationHelper.invokeMethod(MethodInvocationHelper.java:141)
at org.testng.internal.invokers.MethodInvocationHelper.invokeMethodConsideringTimeout(MethodInvocationHelper.java:71)
at org.testng.internal.invokers.ConfigInvoker.invokeConfigurationMethod(ConfigInvoker.java:400)
at org.testng.internal.invokers.ConfigInvoker.invokeConfigurations(ConfigInvoker.java:333)
at org.testng.internal.invokers.TestInvoker.runConfigMethods(TestInvoker.java:836)
at org.testng.internal.invokers.TestInvoker.invokeMethod(TestInvoker.java:601)
at org.testng.internal.invokers.TestInvoker.invokeTestMethod(TestInvoker.java:230)
at org.testng.internal.invokers.MethodRunner.runInSequence(MethodRunner.java:63)
at org.testng.internal.invokers.TestInvoker$MethodInvocationAgent.invoke(TestInvoker.java:995)
at org.testng.internal.invokers.TestInvoker.invokeTestMethods(TestInvoker.java:203)
at org.testng.internal.invokers.TestMethodWorker.invokeTestMethods(TestMethodWorker.java:154)
at org.testng.internal.invokers.TestMethodWorker.run(TestMethodWorker.java:134)
at java.base/java.util.ArrayList.forEach(ArrayList.java:1596)
at org.testng.TestRunner.privateRun(TestRunner.java:741)
at org.testng.TestRunner.run(TestRunner.java:616)
at org.testng.SuiteRunner.runTest(SuiteRunner.java:421)
at org.testng.SuiteRunner$SuiteWorker.run(SuiteRunner.java:463)
at org.testng.internal.thread.ThreadUtil.lambda$execute$0(ThreadUtil.java:64)
at java.base/java.util.concurrent.FutureTask.run(FutureTask.java:317)
at java.base/java.util.concurrent.ThreadPoolExecutor.runWorker(ThreadPoolExecutor.java:1144)
at java.base/java.util.concurrent.ThreadPoolExecutor$Worker.run(ThreadPoolExecutor.java:642)
at java.base/java.lang.Thread.run(Thread.java:1583)
]]>
    </error>
  </testcase> <!-- Login -->
  <testcase classname="OrganizationwithPropertyAndExcel.OrgModuleTest" name="CreateOrgwithIndustryAndType_test" time="44.146">
    <system-out>
      <![CDATA[CreateOrgwithIndustryAndType_test: Test execution started]]>
    </system-out>
  </testcase> <!-- CreateOrgwithIndustryAndType_test -->
  <testcase classname="OrganizationwithPropertyAndExcel.OrgModuleTest" name="OrgPhnum_test" time="40.856">
    <system-out>
      <![CDATA[OrgPhnum_test: Test execution started]]>
    </system-out>
  </testcase> <!-- OrgPhnum_test -->
  <testcase classname="OrganizationwithPropertyAndExcel.OrgModuleTest" name="CreateOrgwithIndustryAndType_test" time="24.081">
    <system-out>
      <![CDATA[CreateOrgwithIndustryAndType_test: Test execution started]]>
    </system-out>
  </testcase> <!-- CreateOrgwithIndustryAndType_test -->
  <testcase classname="OrganizationwithPropertyAndExcel.OrgModuleTest" name="OrgPhnum_test" time="18.217">
    <system-out>
      <![CDATA[OrgPhnum_test: Test execution started]]>
    </system-out>
  </testcase> <!-- OrgPhnum_test -->
  <testcase classname="OrganizationwithPropertyAndExcel.OrgModuleTest" name="OrgPhnum_test" time="0.000">
    <skipped/>
    <system-out>
      <![CDATA[orgname_test: Test execution started]]>
    </system-out>
  </testcase> <!-- OrgPhnum_test -->
  <testcase classname="OrganizationwithPropertyAndExcel.OrgModuleTest" name="orgname_test" time="21.477">
    <system-out>
      <![CDATA[orgname_test: Test execution started]]>
    </system-out>
  </testcase> <!-- orgname_test -->
  <testcase classname="OrganizationwithPropertyAndExcel.OrgModuleTest" name="orgname_test" time="35.357">
    <system-out>
      <![CDATA[orgname_test: Test execution started]]>
    </system-out>
  </testcase> <!-- orgname_test -->
  <system-out>
    <![CDATA[Suite executionstart with adv-report configuration
Connected to DB
configure the parallel execution
configure the parallel execution
configure the parallel execution
Launching the browser
Launching the browser
Launching the browser
logged into the application
CreateContactwithOrg_test: Test execution started
logged into the application
CreateContactwithOrg_test: Test execution started
logged into the application
CreateContactwithOrg_test: Test execution started
logged out into the application
logged into the application
createConWithSuppodate_test: Test execution started
logged out into the application
logged into the application
createConWithSuppodate_test: Test execution started
createConWithSuppodate_test: Test execution started
name_test: Test execution started
Launching the browser
logged into the application
CreateOrgwithIndustryAndType_test: Test execution started
logged out into the application
logged out into the application
logged into the application
name_test: Test execution started
logged into the application
name_test: Test execution started
logged out into the application
logged into the application
OrgPhnum_test: Test execution started
logged out into the application
logged out into the application
Quitting the browser
Launching the browser
logged into the application
CreateOrgwithIndustryAndType_test: Test execution started
Quitting the browser
Launching the browser
logged out into the application
logged into the application
orgname_test: Test execution started
logged into the application
CreateOrgwithIndustryAndType_test: Test execution started
logged out into the application
logged out into the application
Quitting the browser
configure the parallel execution
logged out into the application
OrgPhnum_test: Test execution started
orgname_test: Test execution started
configure the parallel execution
logged into the application
OrgPhnum_test: Test execution started
logged out into the application
logged into the application
orgname_test: Test execution started
logged out into the application
Quitting the browser
configure the parallel execution]]>
  </system-out>
</testsuite> <!-- OrganizationwithPropertyAndExcel.OrgModuleTest -->
