<?xml version="1.0" encoding="UTF-8"?>
<!-- Generated by org.testng.reporters.JUnitReportReporter -->
<testsuite hostname="DESKTOP-0P43UTC" failures="0" tests="1" name="OrganizationwithPropertyAndExcel.Organization_NamewithPoppage" time="24.398" errors="0" timestamp="2026-05-04T10:30:31 IST" skipped="0">
  <testcase classname="OrganizationwithPropertyAndExcel.Organization_NamewithPoppage" name="orgname_test" time="24.398"/>
</testsuite> <!-- OrganizationwithPropertyAndExcel.Organization_NamewithPoppage -->
