<?xml version="1.0" encoding="UTF-8"?>
<!-- Generated by org.testng.reporters.JUnitReportReporter -->
<testsuite hostname="DESKTOP-0P43UTC" failures="0" tests="3" name="OrganizationwithPropertyAndExcel.OrgModule" time="70.294" errors="0" timestamp="2026-05-04T10:48:55 IST" skipped="0">
  <testcase classname="OrganizationwithPropertyAndExcel.OrgModule" name="CreateOrgwithIndustryAndType_test" time="25.255">
    <system-out>
      <![CDATA[Navigated to home page
successfully created org page
successfully created org page with industry
successfully created org page with Type]]>
    </system-out>
  </testcase> <!-- CreateOrgwithIndustryAndType_test -->
  <testcase classname="OrganizationwithPropertyAndExcel.OrgModule" name="orgname_test" time="22.047">
    <system-out>
      <![CDATA[Navigated to home page
successfully created org page]]>
    </system-out>
  </testcase> <!-- orgname_test -->
  <testcase classname="OrganizationwithPropertyAndExcel.OrgModule" name="OrgusingProperty_test" time="22.992">
    <system-out>
      <![CDATA[Navigated to home page
successfully created org page
successfully created org page with phn num]]>
    </system-out>
  </testcase> <!-- OrgusingProperty_test -->
  <system-out>
    <![CDATA[Navigated to home page
successfully created org page
successfully created org page with industry
successfully created org page with Type
Navigated to home page
successfully created org page
successfully created org page with phn num
Navigated to home page
successfully created org page]]>
  </system-out>
</testsuite> <!-- OrganizationwithPropertyAndExcel.OrgModule -->
